;  LST file generated by mikroListExporter - v.2.0 
; Date/Time: 11/18/2021 3:47:37 PM
;----------------------------------------------

;Address Opcode 	ASM
0x0000	0xF001EFF2  	GOTO        996
0x0004	0x0000      	NOP
0x0006	0x0000      	NOP
0x0008	0xF000EF00  	GOTO        0
0x000C	0x0000      	NOP
0x000E	0x0000      	NOP
0x0010	0x0000      	NOP
0x0012	0x0000      	NOP
0x0014	0x0000      	NOP
0x0016	0x0000      	NOP
0x0018	0xD7F3      	BRA         0
_Delay_1us:
;__Lib_Delays.c,7 :: 		void Delay_1us() {
;__Lib_Delays.c,8 :: 		Delay_us(1);
0x001C	0x0000      	NOP
0x001E	0x0000      	NOP
0x0020	0x0000      	NOP
0x0022	0x0000      	NOP
;__Lib_Delays.c,9 :: 		}
L_end_Delay_1us:
0x0024	0x0012      	RETURN      0
; end of _Delay_1us
_Delay_5500us:
;__Lib_Delays.c,31 :: 		void Delay_5500us() {
;__Lib_Delays.c,32 :: 		Delay_us(5500);
0x0026	0x0E1D      	MOVLW       29
0x0028	0x6E0C      	MOVWF       R12, 0
0x002A	0x0E91      	MOVLW       145
0x002C	0x6E0D      	MOVWF       R13, 0
L_Delay_5500us5:
0x002E	0x2E0D      	DECFSZ      R13, 1, 0
0x0030	0xD7FE      	BRA         L_Delay_5500us5
0x0032	0x2E0C      	DECFSZ      R12, 1, 0
0x0034	0xD7FC      	BRA         L_Delay_5500us5
;__Lib_Delays.c,33 :: 		}
L_end_Delay_5500us:
0x0036	0x0012      	RETURN      0
; end of _Delay_5500us
_Delay_50us:
;__Lib_Delays.c,19 :: 		void Delay_50us() {
;__Lib_Delays.c,20 :: 		Delay_us(50);
0x0038	0x0E42      	MOVLW       66
0x003A	0x6E0D      	MOVWF       R13, 0
L_Delay_50us2:
0x003C	0x2E0D      	DECFSZ      R13, 1, 0
0x003E	0xD7FE      	BRA         L_Delay_50us2
0x0040	0x0000      	NOP
;__Lib_Delays.c,21 :: 		}
L_end_Delay_50us:
0x0042	0x0012      	RETURN      0
; end of _Delay_50us
_Lcd_Cmd:
;__Lib_Lcd.c,18 :: 		
;__Lib_Lcd.c,20 :: 		
0x0044	0x0100      	MOVLB       0
0x0046	0xBFA2      	BTFSC       FARG_Lcd_Cmd_out_char, 7, 1
0x0048	0xD002      	BRA         L__Lcd_Cmd21
0x004A	0x9A81      	BCF         LCD_D7, BitPos(LCD_D7+0) 
0x004C	0xD001      	BRA         L__Lcd_Cmd22
L__Lcd_Cmd21:
0x004E	0x8A81      	BSF         LCD_D7, BitPos(LCD_D7+0) 
L__Lcd_Cmd22:
;__Lib_Lcd.c,21 :: 		
0x0050	0xBDA2      	BTFSC       FARG_Lcd_Cmd_out_char, 6, 1
0x0052	0xD002      	BRA         L__Lcd_Cmd23
0x0054	0x9881      	BCF         LCD_D6, BitPos(LCD_D6+0) 
0x0056	0xD001      	BRA         L__Lcd_Cmd24
L__Lcd_Cmd23:
0x0058	0x8881      	BSF         LCD_D6, BitPos(LCD_D6+0) 
L__Lcd_Cmd24:
;__Lib_Lcd.c,22 :: 		
0x005A	0xBBA2      	BTFSC       FARG_Lcd_Cmd_out_char, 5, 1
0x005C	0xD002      	BRA         L__Lcd_Cmd25
0x005E	0x9681      	BCF         LCD_D5, BitPos(LCD_D5+0) 
0x0060	0xD001      	BRA         L__Lcd_Cmd26
L__Lcd_Cmd25:
0x0062	0x8681      	BSF         LCD_D5, BitPos(LCD_D5+0) 
L__Lcd_Cmd26:
;__Lib_Lcd.c,23 :: 		
0x0064	0xB9A2      	BTFSC       FARG_Lcd_Cmd_out_char, 4, 1
0x0066	0xD002      	BRA         L__Lcd_Cmd27
0x0068	0x9481      	BCF         LCD_D4, BitPos(LCD_D4+0) 
0x006A	0xD001      	BRA         L__Lcd_Cmd28
L__Lcd_Cmd27:
0x006C	0x8481      	BSF         LCD_D4, BitPos(LCD_D4+0) 
L__Lcd_Cmd28:
;__Lib_Lcd.c,25 :: 		
0x006E	0xB197      	BTFSC       __Lib_Lcd_cmd_status, BitPos(__Lib_Lcd_cmd_status+0), 1
0x0070	0xD002      	BRA         L__Lcd_Cmd29
0x0072	0x8081      	BSF         LCD_RS, BitPos(LCD_RS+0) 
0x0074	0xD001      	BRA         L__Lcd_Cmd30
L__Lcd_Cmd29:
0x0076	0x9081      	BCF         LCD_RS, BitPos(LCD_RS+0) 
L__Lcd_Cmd30:
;__Lib_Lcd.c,28 :: 		
0x0078	0x8281      	BSF         LCD_EN, BitPos(LCD_EN+0) 
;__Lib_Lcd.c,29 :: 		
0x007A	0xDFD0      	RCALL       _Delay_1us
;__Lib_Lcd.c,30 :: 		
0x007C	0x9281      	BCF         LCD_EN, BitPos(LCD_EN+0) 
;__Lib_Lcd.c,33 :: 		
0x007E	0xB7A2      	BTFSC       FARG_Lcd_Cmd_out_char, 3, 1
0x0080	0xD002      	BRA         L__Lcd_Cmd31
0x0082	0x9A81      	BCF         LCD_D7, BitPos(LCD_D7+0) 
0x0084	0xD001      	BRA         L__Lcd_Cmd32
L__Lcd_Cmd31:
0x0086	0x8A81      	BSF         LCD_D7, BitPos(LCD_D7+0) 
L__Lcd_Cmd32:
;__Lib_Lcd.c,34 :: 		
0x0088	0xB5A2      	BTFSC       FARG_Lcd_Cmd_out_char, 2, 1
0x008A	0xD002      	BRA         L__Lcd_Cmd33
0x008C	0x9881      	BCF         LCD_D6, BitPos(LCD_D6+0) 
0x008E	0xD001      	BRA         L__Lcd_Cmd34
L__Lcd_Cmd33:
0x0090	0x8881      	BSF         LCD_D6, BitPos(LCD_D6+0) 
L__Lcd_Cmd34:
;__Lib_Lcd.c,35 :: 		
0x0092	0xB3A2      	BTFSC       FARG_Lcd_Cmd_out_char, 1, 1
0x0094	0xD002      	BRA         L__Lcd_Cmd35
0x0096	0x9681      	BCF         LCD_D5, BitPos(LCD_D5+0) 
0x0098	0xD001      	BRA         L__Lcd_Cmd36
L__Lcd_Cmd35:
0x009A	0x8681      	BSF         LCD_D5, BitPos(LCD_D5+0) 
L__Lcd_Cmd36:
;__Lib_Lcd.c,36 :: 		
0x009C	0xB1A2      	BTFSC       FARG_Lcd_Cmd_out_char, 0, 1
0x009E	0xD002      	BRA         L__Lcd_Cmd37
0x00A0	0x9481      	BCF         LCD_D4, BitPos(LCD_D4+0) 
0x00A2	0xD001      	BRA         L__Lcd_Cmd38
L__Lcd_Cmd37:
0x00A4	0x8481      	BSF         LCD_D4, BitPos(LCD_D4+0) 
L__Lcd_Cmd38:
;__Lib_Lcd.c,38 :: 		
0x00A6	0xB197      	BTFSC       __Lib_Lcd_cmd_status, BitPos(__Lib_Lcd_cmd_status+0), 1
0x00A8	0xD002      	BRA         L__Lcd_Cmd39
0x00AA	0x8081      	BSF         LCD_RS, BitPos(LCD_RS+0) 
0x00AC	0xD001      	BRA         L__Lcd_Cmd40
L__Lcd_Cmd39:
0x00AE	0x9081      	BCF         LCD_RS, BitPos(LCD_RS+0) 
L__Lcd_Cmd40:
;__Lib_Lcd.c,40 :: 		
0x00B0	0x8281      	BSF         LCD_EN, BitPos(LCD_EN+0) 
;__Lib_Lcd.c,41 :: 		
0x00B2	0xDFB4      	RCALL       _Delay_1us
;__Lib_Lcd.c,42 :: 		
0x00B4	0x9281      	BCF         LCD_EN, BitPos(LCD_EN+0) 
;__Lib_Lcd.c,44 :: 		
0x00B6	0xA197      	BTFSS       __Lib_Lcd_cmd_status, BitPos(__Lib_Lcd_cmd_status+0), 1
0x00B8	0xD002      	BRA         L_Lcd_Cmd0
;__Lib_Lcd.c,45 :: 		
0x00BA	0xDFB5      	RCALL       _Delay_5500us
0x00BC	0xD001      	BRA         L_Lcd_Cmd1
L_Lcd_Cmd0:
;__Lib_Lcd.c,47 :: 		
0x00BE	0xDFBC      	RCALL       _Delay_50us
L_Lcd_Cmd1:
;__Lib_Lcd.c,48 :: 		
L_end_Lcd_Cmd:
0x00C0	0x0012      	RETURN      0
; end of _Lcd_Cmd
_UART1_Write:
;__Lib_UART_c67.c,58 :: 		
;__Lib_UART_c67.c,59 :: 		
L_UART1_Write3:
0x00C2	0xB2AC      	BTFSC       TXSTA, 1 
0x00C4	0xD002      	BRA         L_UART1_Write4
;__Lib_UART_c67.c,60 :: 		
0x00C6	0x0000      	NOP
0x00C8	0xD7FC      	BRA         L_UART1_Write3
L_UART1_Write4:
;__Lib_UART_c67.c,61 :: 		
0x00CA	0xFFADC09D  	MOVFF       FARG_UART1_Write_data_, TXREG
;__Lib_UART_c67.c,62 :: 		
L_end_UART1_Write:
0x00CE	0x0012      	RETURN      0
; end of _UART1_Write
_Lcd_Chr_CP:
;__Lib_Lcd.c,50 :: 		
;__Lib_Lcd.c,52 :: 		
0x00D0	0x0100      	MOVLB       0
0x00D2	0x9197      	BCF         __Lib_Lcd_cmd_status, BitPos(__Lib_Lcd_cmd_status+0), 1
;__Lib_Lcd.c,53 :: 		
0x00D4	0xF0A2C09D  	MOVFF       FARG_Lcd_Chr_CP_out_char, FARG_Lcd_Cmd_out_char
0x00D8	0xDFB5      	RCALL       _Lcd_Cmd
;__Lib_Lcd.c,54 :: 		
0x00DA	0x8197      	BSF         __Lib_Lcd_cmd_status, BitPos(__Lib_Lcd_cmd_status+0), 1
;__Lib_Lcd.c,55 :: 		
L_end_Lcd_Chr_CP:
0x00DC	0x0012      	RETURN      0
; end of _Lcd_Chr_CP
_Delay_10us:
;__Lib_Delays.c,11 :: 		void Delay_10us() {
;__Lib_Delays.c,12 :: 		Delay_us(10);
0x00DE	0x0E0D      	MOVLW       13
0x00E0	0x6E0D      	MOVWF       R13, 0
L_Delay_10us0:
0x00E2	0x2E0D      	DECFSZ      R13, 1, 0
0x00E4	0xD7FE      	BRA         L_Delay_10us0
;__Lib_Delays.c,13 :: 		}
L_end_Delay_10us:
0x00E6	0x0012      	RETURN      0
; end of _Delay_10us
_Keypad_Key_Press:
;__Lib_Keypad4x4.c,39 :: 		
;__Lib_Keypad4x4.c,43 :: 		
0x00E8	0x0100      	MOVLB       0
0x00EA	0x6B9D      	CLRF        Keypad_Key_Press_rslt_L0, 1
;__Lib_Keypad4x4.c,44 :: 		
0x00EC	0x6B9F      	CLRF        Keypad_Key_Press_loc_L0, 1
;__Lib_Keypad4x4.c,45 :: 		
0x00EE	0x6BA0      	CLRF        Keypad_Key_Press_rowcnt_L0, 1
;__Lib_Keypad4x4.c,46 :: 		
0x00F0	0x0E10      	MOVLW       16
0x00F2	0x6FA1      	MOVWF       Keypad_Key_Press_shifter_L0, 1
;__Lib_Keypad4x4.c,48 :: 		
L_Keypad_Key_Press0:
0x00F4	0x0E04      	MOVLW       4
0x00F6	0x5DA0      	SUBWF       Keypad_Key_Press_rowcnt_L0, 0, 1
0x00F8	0xE229      	BC          L_Keypad_Key_Press1
;__Lib_Keypad4x4.c,50 :: 		
0x00FA	0x0EF0      	MOVLW       240
0x00FC	0x6E83      	MOVWF       keypadPort 
;__Lib_Keypad4x4.c,51 :: 		
0x00FE	0x0E12      	MOVLW       18
0x0100	0x6E00      	MOVWF       R0 
0x0102	0x0E00      	MOVLW       0
0x0104	0x6E01      	MOVWF       R1 
0x0106	0x0E83      	MOVLW       keypadPort
0x0108	0x2400      	ADDWF       R0, 0 
0x010A	0x6EE1      	MOVWF       FSR1L 
0x010C	0x0E0F      	MOVLW       hi_addr(keypadPort)
0x010E	0x2001      	ADDWFC      R1, 0 
0x0110	0x6EE2      	MOVWF       FSR1L+1 
0x0112	0x1DA1      	COMF        Keypad_Key_Press_shifter_L0, 0, 1
0x0114	0x6E00      	MOVWF       R0 
0x0116	0xFFE6C000  	MOVFF       R0, POSTINC1
;__Lib_Keypad4x4.c,55 :: 		
0x011A	0xDF80      	RCALL       _Delay_1us
;__Lib_Keypad4x4.c,56 :: 		
0x011C	0xDF7F      	RCALL       _Delay_1us
;__Lib_Keypad4x4.c,57 :: 		
0x011E	0x0E0F      	MOVLW       15
0x0120	0x1483      	ANDWF       keypadPort, 0 
0x0122	0x6E00      	MOVWF       R0 
0x0124	0xF09EC000  	MOVFF       R0, Keypad_Key_Press_kdata_L0
;__Lib_Keypad4x4.c,58 :: 		
0x0128	0x5200      	MOVF        R0, 1 
0x012A	0xE00A      	BZ          L_Keypad_Key_Press2
;__Lib_Keypad4x4.c,60 :: 		
0x012C	0xF09DC09F  	MOVFF       Keypad_Key_Press_loc_L0, Keypad_Key_Press_rslt_L0
;__Lib_Keypad4x4.c,61 :: 		
L_Keypad_Key_Press3:
0x0130	0x539E      	MOVF        Keypad_Key_Press_kdata_L0, 1, 1
0x0132	0xE004      	BZ          L_Keypad_Key_Press4
;__Lib_Keypad4x4.c,62 :: 		
0x0134	0x339E      	RRCF        Keypad_Key_Press_kdata_L0, 1, 1
0x0136	0x9F9E      	BCF         Keypad_Key_Press_kdata_L0, 7, 1
;__Lib_Keypad4x4.c,63 :: 		
0x0138	0x2B9D      	INCF        Keypad_Key_Press_rslt_L0, 1, 1
;__Lib_Keypad4x4.c,64 :: 		
0x013A	0xD7FA      	BRA         L_Keypad_Key_Press3
L_Keypad_Key_Press4:
;__Lib_Keypad4x4.c,66 :: 		
0x013C	0x0E04      	MOVLW       4
0x013E	0x6FA0      	MOVWF       Keypad_Key_Press_rowcnt_L0, 1
;__Lib_Keypad4x4.c,67 :: 		
L_Keypad_Key_Press2:
;__Lib_Keypad4x4.c,68 :: 		
0x0140	0x37A1      	RLCF        Keypad_Key_Press_shifter_L0, 1, 1
0x0142	0x91A1      	BCF         Keypad_Key_Press_shifter_L0, 0, 1
;__Lib_Keypad4x4.c,69 :: 		
0x0144	0x0E04      	MOVLW       4
0x0146	0x279F      	ADDWF       Keypad_Key_Press_loc_L0, 1, 1
;__Lib_Keypad4x4.c,70 :: 		
0x0148	0x2BA0      	INCF        Keypad_Key_Press_rowcnt_L0, 1, 1
;__Lib_Keypad4x4.c,71 :: 		
0x014A	0xD7D4      	BRA         L_Keypad_Key_Press0
L_Keypad_Key_Press1:
;__Lib_Keypad4x4.c,73 :: 		
0x014C	0xF000C09D  	MOVFF       Keypad_Key_Press_rslt_L0, R0
;__Lib_Keypad4x4.c,74 :: 		
L_end_Keypad_Key_Press:
0x0150	0x0012      	RETURN      0
; end of _Keypad_Key_Press
_Keypad_Key_Click:
;__Lib_Keypad4x4.c,77 :: 		
;__Lib_Keypad4x4.c,81 :: 		
0x0152	0xDFCA      	RCALL       _Keypad_Key_Press
0x0154	0xF098C000  	MOVFF       R0, Keypad_Key_Click_rslt_L0
;__Lib_Keypad4x4.c,83 :: 		
L_Keypad_Key_Click5:
0x0158	0x0E0F      	MOVLW       15
0x015A	0x1483      	ANDWF       keypadPort, 0 
0x015C	0x6E00      	MOVWF       R0 
0x015E	0xE002      	BZ          L_Keypad_Key_Click6
;__Lib_Keypad4x4.c,84 :: 		
0x0160	0xDFBE      	RCALL       _Delay_10us
0x0162	0xD7FA      	BRA         L_Keypad_Key_Click5
L_Keypad_Key_Click6:
;__Lib_Keypad4x4.c,86 :: 		
0x0164	0xF000C098  	MOVFF       Keypad_Key_Click_rslt_L0, R0
;__Lib_Keypad4x4.c,87 :: 		
L_end_Keypad_Key_Click:
0x0168	0x0012      	RETURN      0
; end of _Keypad_Key_Click
_UART1_Write_Text:
;__Lib_UART_c67.c,66 :: 		
;__Lib_UART_c67.c,67 :: 		
0x016A	0x0100      	MOVLB       0
0x016C	0x6B9B      	CLRF        UART1_Write_Text_counter_L0, 1
;__Lib_UART_c67.c,69 :: 		
0x016E	0xFFE9C098  	MOVFF       FARG_UART1_Write_Text_uart_text, FSR0L
0x0172	0xFFEAC099  	MOVFF       FARG_UART1_Write_Text_uart_text+1, FSR0H
0x0176	0xF09ACFEE  	MOVFF       POSTINC0, UART1_Write_Text_data__L0
;__Lib_UART_c67.c,70 :: 		
L_UART1_Write_Text5:
0x017A	0x519A      	MOVF        UART1_Write_Text_data__L0, 0, 1
0x017C	0x0A00      	XORLW       0
0x017E	0xE00E      	BZ          L_UART1_Write_Text6
;__Lib_UART_c67.c,71 :: 		
0x0180	0xF09DC09A  	MOVFF       UART1_Write_Text_data__L0, FARG_UART1_Write_data_
0x0184	0xDF9E      	RCALL       _UART1_Write
;__Lib_UART_c67.c,72 :: 		
0x0186	0x0100      	MOVLB       0
0x0188	0x2B9B      	INCF        UART1_Write_Text_counter_L0, 1, 1
;__Lib_UART_c67.c,73 :: 		
0x018A	0x519B      	MOVF        UART1_Write_Text_counter_L0, 0, 1
0x018C	0x2598      	ADDWF       FARG_UART1_Write_Text_uart_text, 0, 1
0x018E	0x6EE9      	MOVWF       FSR0L 
0x0190	0x0E00      	MOVLW       0
0x0192	0x2199      	ADDWFC      FARG_UART1_Write_Text_uart_text+1, 0, 1
0x0194	0x6EEA      	MOVWF       FSR0L+1 
0x0196	0xF09ACFEE  	MOVFF       POSTINC0, UART1_Write_Text_data__L0
;__Lib_UART_c67.c,74 :: 		
0x019A	0xD7EF      	BRA         L_UART1_Write_Text5
L_UART1_Write_Text6:
;__Lib_UART_c67.c,75 :: 		
L_end_UART1_Write_Text:
0x019C	0x0012      	RETURN      0
; end of _UART1_Write_Text
_Lcd_Chr:
;__Lib_Lcd.c,65 :: 		
;__Lib_Lcd.c,66 :: 		
0x019E	0xD010      	BRA         L_Lcd_Chr4
;__Lib_Lcd.c,67 :: 		
L_Lcd_Chr6:
0x01A0	0x0E80      	MOVLW       128
0x01A2	0x0100      	MOVLB       0
0x01A4	0x6F98      	MOVWF       FARG_Lcd_Chr_row, 1
0x01A6	0xD01A      	BRA         L_Lcd_Chr5
;__Lib_Lcd.c,68 :: 		
L_Lcd_Chr7:
0x01A8	0x0EC0      	MOVLW       192
0x01AA	0x6F98      	MOVWF       FARG_Lcd_Chr_row, 1
0x01AC	0xD017      	BRA         L_Lcd_Chr5
;__Lib_Lcd.c,69 :: 		
L_Lcd_Chr8:
0x01AE	0x0E94      	MOVLW       148
0x01B0	0x6F98      	MOVWF       FARG_Lcd_Chr_row, 1
0x01B2	0xD014      	BRA         L_Lcd_Chr5
;__Lib_Lcd.c,70 :: 		
L_Lcd_Chr9:
0x01B4	0x0ED4      	MOVLW       212
0x01B6	0x6F98      	MOVWF       FARG_Lcd_Chr_row, 1
0x01B8	0xD011      	BRA         L_Lcd_Chr5
;__Lib_Lcd.c,71 :: 		
L_Lcd_Chr10:
0x01BA	0x0E80      	MOVLW       128
0x01BC	0x6F98      	MOVWF       FARG_Lcd_Chr_row, 1
;__Lib_Lcd.c,72 :: 		
0x01BE	0xD00E      	BRA         L_Lcd_Chr5
L_Lcd_Chr4:
0x01C0	0x0100      	MOVLB       0
0x01C2	0x5198      	MOVF        FARG_Lcd_Chr_row, 0, 1
0x01C4	0x0A01      	XORLW       1
0x01C6	0xE0EC      	BZ          L_Lcd_Chr6
0x01C8	0x5198      	MOVF        FARG_Lcd_Chr_row, 0, 1
0x01CA	0x0A02      	XORLW       2
0x01CC	0xE0ED      	BZ          L_Lcd_Chr7
0x01CE	0x5198      	MOVF        FARG_Lcd_Chr_row, 0, 1
0x01D0	0x0A03      	XORLW       3
0x01D2	0xE0ED      	BZ          L_Lcd_Chr8
0x01D4	0x5198      	MOVF        FARG_Lcd_Chr_row, 0, 1
0x01D6	0x0A04      	XORLW       4
0x01D8	0xE0ED      	BZ          L_Lcd_Chr9
0x01DA	0xD7EF      	BRA         L_Lcd_Chr10
L_Lcd_Chr5:
;__Lib_Lcd.c,74 :: 		
0x01DC	0x0599      	DECF        FARG_Lcd_Chr_column, 0, 1
0x01DE	0x6E00      	MOVWF       R0 
0x01E0	0x5198      	MOVF        FARG_Lcd_Chr_row, 0, 1
0x01E2	0x2600      	ADDWF       R0, 1 
0x01E4	0xF098C000  	MOVFF       R0, FARG_Lcd_Chr_row
;__Lib_Lcd.c,76 :: 		
0x01E8	0x8197      	BSF         __Lib_Lcd_cmd_status, BitPos(__Lib_Lcd_cmd_status+0), 1
;__Lib_Lcd.c,77 :: 		
0x01EA	0xF0A2C000  	MOVFF       R0, FARG_Lcd_Cmd_out_char
0x01EE	0xDF2A      	RCALL       _Lcd_Cmd
;__Lib_Lcd.c,79 :: 		
0x01F0	0x9197      	BCF         __Lib_Lcd_cmd_status, BitPos(__Lib_Lcd_cmd_status+0), 1
;__Lib_Lcd.c,80 :: 		
0x01F2	0xF0A2C09A  	MOVFF       FARG_Lcd_Chr_out_char, FARG_Lcd_Cmd_out_char
0x01F6	0xDF26      	RCALL       _Lcd_Cmd
;__Lib_Lcd.c,81 :: 		
0x01F8	0x8197      	BSF         __Lib_Lcd_cmd_status, BitPos(__Lib_Lcd_cmd_status+0), 1
;__Lib_Lcd.c,82 :: 		
L_end_Lcd_Chr:
0x01FA	0x0012      	RETURN      0
; end of _Lcd_Chr
___CC2DW:
;__Lib_System.c,21 :: 		
;__Lib_System.c,23 :: 		
_CC2DL_Loop1:
;__Lib_System.c,24 :: 		
0x01FC	0x0009      	TBLRD*+
;__Lib_System.c,25 :: 		
0x01FE	0xFFE6CFF5  	MOVFF       TABLAT, POSTINC1
;__Lib_System.c,26 :: 		
0x0202	0x0600      	DECF        R0, 1, 0
;__Lib_System.c,27 :: 		
0x0204	0xE1FB      	BNZ         _CC2DL_Loop1
;__Lib_System.c,28 :: 		
0x0206	0x0601      	DECF        R1, 1, 0
;__Lib_System.c,29 :: 		
0x0208	0xE1F9      	BNZ         _CC2DL_Loop1
;__Lib_System.c,31 :: 		
L_end___CC2DW:
0x020A	0x0012      	RETURN      0
; end of ___CC2DW
_UART1_Init:
;__Lib_UART_c67.c,15 :: 		
;__Lib_UART_c67.c,18 :: 		
0x020C	0x0EC2      	MOVLW       _UART1_Write
0x020E	0x0100      	MOVLB       0
0x0210	0x6F8B      	MOVWF       _UART_Wr_Ptr, 1
0x0212	0x0E00      	MOVLW       hi_addr(_UART1_Write)
0x0214	0x6F8C      	MOVWF       _UART_Wr_Ptr+1, 1
0x0216	0x0E9D      	MOVLW       FARG_UART1_Write_data_
0x0218	0x6F8D      	MOVWF       _UART_Wr_Ptr+2, 1
0x021A	0x0E00      	MOVLW       hi_addr(FARG_UART1_Write_data_)
0x021C	0x6F8E      	MOVWF       _UART_Wr_Ptr+3, 1
;__Lib_UART_c67.c,19 :: 		
0x021E	0x0EFF      	MOVLW       _UART1_Read
0x0220	0x6F87      	MOVWF       _UART_Rd_Ptr, 1
0x0222	0x0EFF      	MOVLW       hi_addr(_UART1_Read)
0x0224	0x6F88      	MOVWF       _UART_Rd_Ptr+1, 1
0x0226	0x0E00      	MOVLW       0
0x0228	0x6F89      	MOVWF       _UART_Rd_Ptr+2, 1
0x022A	0x0E00      	MOVLW       0
0x022C	0x6F8A      	MOVWF       _UART_Rd_Ptr+3, 1
;__Lib_UART_c67.c,20 :: 		
0x022E	0x0EFF      	MOVLW       _UART1_Data_Ready
0x0230	0x6F93      	MOVWF       _UART_Rdy_Ptr, 1
0x0232	0x0EFF      	MOVLW       hi_addr(_UART1_Data_Ready)
0x0234	0x6F94      	MOVWF       _UART_Rdy_Ptr+1, 1
0x0236	0x0E00      	MOVLW       0
0x0238	0x6F95      	MOVWF       _UART_Rdy_Ptr+2, 1
0x023A	0x0E00      	MOVLW       0
0x023C	0x6F96      	MOVWF       _UART_Rdy_Ptr+3, 1
;__Lib_UART_c67.c,21 :: 		
0x023E	0x0EFF      	MOVLW       _UART1_Tx_Idle
0x0240	0x6F8F      	MOVWF       _UART_Tx_Idle_Ptr, 1
0x0242	0x0EFF      	MOVLW       hi_addr(_UART1_Tx_Idle)
0x0244	0x6F90      	MOVWF       _UART_Tx_Idle_Ptr+1, 1
0x0246	0x0E00      	MOVLW       0
0x0248	0x6F91      	MOVWF       _UART_Tx_Idle_Ptr+2, 1
0x024A	0x0E00      	MOVLW       0
0x024C	0x6F92      	MOVWF       _UART_Tx_Idle_Ptr+3, 1
;__Lib_UART_c67.c,23 :: 		
0x024E	0x8AAC      	BSF         TXSTA, 5 
;__Lib_UART_c67.c,24 :: 		
0x0250	0x0E90      	MOVLW       144
0x0252	0x6EAB      	MOVWF       RCSTA 
;__Lib_UART_c67.c,25 :: 		
0x0254	0x8E94      	BSF         TRISC7_bit, BitPos(TRISC7_bit+0) 
;__Lib_UART_c67.c,26 :: 		
0x0256	0x9C94      	BCF         TRISC6_bit, BitPos(TRISC6_bit+0) 
;__Lib_UART_c67.c,28 :: 		
L_UART1_Init0:
0x0258	0xAA9E      	BTFSS       PIR1, 5 
0x025A	0xD003      	BRA         L_UART1_Init1
;__Lib_UART_c67.c,29 :: 		
0x025C	0xF000CFAE  	MOVFF       RCREG, R0
0x0260	0xD7FB      	BRA         L_UART1_Init0
L_UART1_Init1:
;__Lib_UART_c67.c,30 :: 		
L_end_UART1_Init:
0x0262	0x0012      	RETURN      0
; end of _UART1_Init
_Lcd_Out:
;__Lib_Lcd.c,184 :: 		
;__Lib_Lcd.c,187 :: 		
0x0264	0xD010      	BRA         L_Lcd_Out11
;__Lib_Lcd.c,188 :: 		
L_Lcd_Out13:
0x0266	0x0E80      	MOVLW       128
0x0268	0x0100      	MOVLB       0
0x026A	0x6F98      	MOVWF       FARG_Lcd_Out_row, 1
0x026C	0xD01A      	BRA         L_Lcd_Out12
;__Lib_Lcd.c,189 :: 		
L_Lcd_Out14:
0x026E	0x0EC0      	MOVLW       192
0x0270	0x6F98      	MOVWF       FARG_Lcd_Out_row, 1
0x0272	0xD017      	BRA         L_Lcd_Out12
;__Lib_Lcd.c,190 :: 		
L_Lcd_Out15:
0x0274	0x0E94      	MOVLW       148
0x0276	0x6F98      	MOVWF       FARG_Lcd_Out_row, 1
0x0278	0xD014      	BRA         L_Lcd_Out12
;__Lib_Lcd.c,191 :: 		
L_Lcd_Out16:
0x027A	0x0ED4      	MOVLW       212
0x027C	0x6F98      	MOVWF       FARG_Lcd_Out_row, 1
0x027E	0xD011      	BRA         L_Lcd_Out12
;__Lib_Lcd.c,192 :: 		
L_Lcd_Out17:
0x0280	0x0E80      	MOVLW       128
0x0282	0x6F98      	MOVWF       FARG_Lcd_Out_row, 1
;__Lib_Lcd.c,193 :: 		
0x0284	0xD00E      	BRA         L_Lcd_Out12
L_Lcd_Out11:
0x0286	0x0100      	MOVLB       0
0x0288	0x5198      	MOVF        FARG_Lcd_Out_row, 0, 1
0x028A	0x0A01      	XORLW       1
0x028C	0xE0EC      	BZ          L_Lcd_Out13
0x028E	0x5198      	MOVF        FARG_Lcd_Out_row, 0, 1
0x0290	0x0A02      	XORLW       2
0x0292	0xE0ED      	BZ          L_Lcd_Out14
0x0294	0x5198      	MOVF        FARG_Lcd_Out_row, 0, 1
0x0296	0x0A03      	XORLW       3
0x0298	0xE0ED      	BZ          L_Lcd_Out15
0x029A	0x5198      	MOVF        FARG_Lcd_Out_row, 0, 1
0x029C	0x0A04      	XORLW       4
0x029E	0xE0ED      	BZ          L_Lcd_Out16
0x02A0	0xD7EF      	BRA         L_Lcd_Out17
L_Lcd_Out12:
;__Lib_Lcd.c,194 :: 		
0x02A2	0x0599      	DECF        FARG_Lcd_Out_column, 0, 1
0x02A4	0x6E00      	MOVWF       R0 
0x02A6	0x5198      	MOVF        FARG_Lcd_Out_row, 0, 1
0x02A8	0x2600      	ADDWF       R0, 1 
0x02AA	0xF098C000  	MOVFF       R0, FARG_Lcd_Out_row
;__Lib_Lcd.c,196 :: 		
0x02AE	0xF0A2C000  	MOVFF       R0, FARG_Lcd_Cmd_out_char
0x02B2	0xDEC8      	RCALL       _Lcd_Cmd
;__Lib_Lcd.c,197 :: 		
0x02B4	0x9197      	BCF         __Lib_Lcd_cmd_status, BitPos(__Lib_Lcd_cmd_status+0), 1
;__Lib_Lcd.c,198 :: 		
0x02B6	0x6B9C      	CLRF        Lcd_Out_i_L0, 1
;__Lib_Lcd.c,199 :: 		
L_Lcd_Out18:
0x02B8	0x519C      	MOVF        Lcd_Out_i_L0, 0, 1
0x02BA	0x259A      	ADDWF       FARG_Lcd_Out_text, 0, 1
0x02BC	0x6EE9      	MOVWF       FSR0L 
0x02BE	0x0E00      	MOVLW       0
0x02C0	0x219B      	ADDWFC      FARG_Lcd_Out_text+1, 0, 1
0x02C2	0x6EEA      	MOVWF       FSR0L+1 
0x02C4	0x52EE      	MOVF        POSTINC0, 1 
0x02C6	0xE00B      	BZ          L_Lcd_Out19
;__Lib_Lcd.c,200 :: 		
0x02C8	0x519C      	MOVF        Lcd_Out_i_L0, 0, 1
0x02CA	0x259A      	ADDWF       FARG_Lcd_Out_text, 0, 1
0x02CC	0x6EE9      	MOVWF       FSR0L 
0x02CE	0x0E00      	MOVLW       0
0x02D0	0x219B      	ADDWFC      FARG_Lcd_Out_text+1, 0, 1
0x02D2	0x6EEA      	MOVWF       FSR0L+1 
0x02D4	0xF09DCFEE  	MOVFF       POSTINC0, FARG_Lcd_Chr_CP_out_char
0x02D8	0xDEFB      	RCALL       _Lcd_Chr_CP
0x02DA	0x2B9C      	INCF        Lcd_Out_i_L0, 1, 1
0x02DC	0xD7ED      	BRA         L_Lcd_Out18
L_Lcd_Out19:
;__Lib_Lcd.c,201 :: 		
0x02DE	0x8197      	BSF         __Lib_Lcd_cmd_status, BitPos(__Lib_Lcd_cmd_status+0), 1
;__Lib_Lcd.c,202 :: 		
L_end_Lcd_Out:
0x02E0	0x0012      	RETURN      0
; end of _Lcd_Out
_Mul_16X16_U:
;__Lib_Math.c,440 :: 		
;__Lib_Math.c,447 :: 		
0x02E2	0x6A0B      	CLRF        R11, 0
;__Lib_Math.c,448 :: 		
0x02E4	0x6A0A      	CLRF        R10, 0
;__Lib_Math.c,449 :: 		
0x02E6	0x6A09      	CLRF        R9, 0
;__Lib_Math.c,450 :: 		
0x02E8	0x5000      	MOVF        R0, 0, 0
;__Lib_Math.c,451 :: 		
0x02EA	0x0204      	MULWF       R4, 0
;__Lib_Math.c,453 :: 		
0x02EC	0xF009CFF4  	MOVFF       PRODH, R9
;__Lib_Math.c,454 :: 		
0x02F0	0xF008CFF3  	MOVFF       PRODL, R8
;__Lib_Math.c,455 :: 		
0x02F4	0x5001      	MOVF        R1, 0, 0
;__Lib_Math.c,456 :: 		
0x02F6	0x0205      	MULWF       R5, 0
;__Lib_Math.c,458 :: 		
0x02F8	0xF00BCFF4  	MOVFF       PRODH, R11
;__Lib_Math.c,459 :: 		
0x02FC	0xF00ACFF3  	MOVFF       PRODL, R10
;__Lib_Math.c,460 :: 		
0x0300	0x5000      	MOVF        R0, 0, 0
;__Lib_Math.c,461 :: 		
0x0302	0x0205      	MULWF       R5, 0
;__Lib_Math.c,463 :: 		
0x0304	0x50F3      	MOVF        PRODL, 0, 0
;__Lib_Math.c,464 :: 		
0x0306	0x2609      	ADDWF       R9, 1, 0
;__Lib_Math.c,465 :: 		
0x0308	0x50F4      	MOVF        PRODH, 0, 0
;__Lib_Math.c,466 :: 		
0x030A	0x220A      	ADDWFC      R10, 1, 0
;__Lib_Math.c,467 :: 		
0x030C	0x6AE8      	CLRF        WREG, 0
;__Lib_Math.c,468 :: 		
0x030E	0x220B      	ADDWFC      R11, 1, 0
;__Lib_Math.c,469 :: 		
0x0310	0x5001      	MOVF        R1, 0, 0
;__Lib_Math.c,470 :: 		
0x0312	0x0204      	MULWF       R4, 0
;__Lib_Math.c,472 :: 		
0x0314	0x50F3      	MOVF        PRODL, 0, 0
;__Lib_Math.c,473 :: 		
0x0316	0x2609      	ADDWF       R9, 1, 0
;__Lib_Math.c,474 :: 		
0x0318	0x50F4      	MOVF        PRODH, 0, 0
;__Lib_Math.c,475 :: 		
0x031A	0x220A      	ADDWFC      R10, 1, 0
;__Lib_Math.c,476 :: 		
0x031C	0x6AE8      	CLRF        WREG, 0
;__Lib_Math.c,477 :: 		
0x031E	0x220B      	ADDWFC      R11, 1, 0
;__Lib_Math.c,479 :: 		
0x0320	0xF000C008  	MOVFF       R8, R0
;__Lib_Math.c,480 :: 		
0x0324	0xF001C009  	MOVFF       R9, R1
;__Lib_Math.c,481 :: 		
0x0328	0xF002C00A  	MOVFF       R10, R2
;__Lib_Math.c,482 :: 		
0x032C	0xF003C00B  	MOVFF       R11, R3
;__Lib_Math.c,485 :: 		
L_end_Mul_16X16_U:
0x0330	0x0012      	RETURN      0
; end of _Mul_16X16_U
_Keypad_Init:
;__Lib_Keypad4x4.c,34 :: 		
;__Lib_Keypad4x4.c,35 :: 		
0x0332	0x0E12      	MOVLW       18
0x0334	0x6E00      	MOVWF       R0 
0x0336	0x0E00      	MOVLW       0
0x0338	0x6E01      	MOVWF       R1 
0x033A	0x0E83      	MOVLW       keypadPort
0x033C	0x2400      	ADDWF       R0, 0 
0x033E	0x6EE1      	MOVWF       FSR1L 
0x0340	0x0E0F      	MOVLW       hi_addr(keypadPort)
0x0342	0x2001      	ADDWFC      R1, 0 
0x0344	0x6EE2      	MOVWF       FSR1L+1 
0x0346	0x0EFF      	MOVLW       255
0x0348	0x6EE6      	MOVWF       POSTINC1 
;__Lib_Keypad4x4.c,36 :: 		
L_end_Keypad_Init:
0x034A	0x0012      	RETURN      0
; end of _Keypad_Init
_Lcd_Init:
;__Lib_Lcd.c,84 :: 		
;__Lib_Lcd.c,86 :: 		
0x034C	0x9293      	BCF         LCD_EN_Direction, BitPos(LCD_EN_Direction+0) 
;__Lib_Lcd.c,87 :: 		
0x034E	0x9093      	BCF         LCD_RS_Direction, BitPos(LCD_RS_Direction+0) 
;__Lib_Lcd.c,88 :: 		
0x0350	0x9493      	BCF         LCD_D4_Direction, BitPos(LCD_D4_Direction+0) 
;__Lib_Lcd.c,89 :: 		
0x0352	0x9693      	BCF         LCD_D5_Direction, BitPos(LCD_D5_Direction+0) 
;__Lib_Lcd.c,90 :: 		
0x0354	0x9893      	BCF         LCD_D6_Direction, BitPos(LCD_D6_Direction+0) 
;__Lib_Lcd.c,91 :: 		
0x0356	0x9A93      	BCF         LCD_D7_Direction, BitPos(LCD_D7_Direction+0) 
;__Lib_Lcd.c,93 :: 		
0x0358	0x9281      	BCF         LCD_EN, BitPos(LCD_EN+0) 
;__Lib_Lcd.c,94 :: 		
0x035A	0x9081      	BCF         LCD_RS, BitPos(LCD_RS+0) 
;__Lib_Lcd.c,95 :: 		
0x035C	0x9A81      	BCF         LCD_D7, BitPos(LCD_D7+0) 
;__Lib_Lcd.c,96 :: 		
0x035E	0x9881      	BCF         LCD_D6, BitPos(LCD_D6+0) 
;__Lib_Lcd.c,97 :: 		
0x0360	0x9681      	BCF         LCD_D5, BitPos(LCD_D5+0) 
;__Lib_Lcd.c,98 :: 		
0x0362	0x9481      	BCF         LCD_D4, BitPos(LCD_D4+0) 
;__Lib_Lcd.c,100 :: 		
0x0364	0xDE60      	RCALL       _Delay_5500us
;__Lib_Lcd.c,101 :: 		
0x0366	0xDE5F      	RCALL       _Delay_5500us
;__Lib_Lcd.c,102 :: 		
0x0368	0xDE5E      	RCALL       _Delay_5500us
;__Lib_Lcd.c,105 :: 		
0x036A	0x8681      	BSF         LCD_D5, BitPos(LCD_D5+0) 
;__Lib_Lcd.c,106 :: 		
0x036C	0x8481      	BSF         LCD_D4, BitPos(LCD_D4+0) 
;__Lib_Lcd.c,107 :: 		
0x036E	0x8281      	BSF         LCD_EN, BitPos(LCD_EN+0) 
;__Lib_Lcd.c,108 :: 		
0x0370	0xDE55      	RCALL       _Delay_1us
;__Lib_Lcd.c,109 :: 		
0x0372	0x9281      	BCF         LCD_EN, BitPos(LCD_EN+0) 
;__Lib_Lcd.c,110 :: 		
0x0374	0xDE58      	RCALL       _Delay_5500us
;__Lib_Lcd.c,112 :: 		
0x0376	0x8281      	BSF         LCD_EN, BitPos(LCD_EN+0) 
;__Lib_Lcd.c,113 :: 		
0x0378	0xDE51      	RCALL       _Delay_1us
;__Lib_Lcd.c,114 :: 		
0x037A	0x9281      	BCF         LCD_EN, BitPos(LCD_EN+0) 
;__Lib_Lcd.c,115 :: 		
0x037C	0xDE54      	RCALL       _Delay_5500us
;__Lib_Lcd.c,117 :: 		
0x037E	0x8281      	BSF         LCD_EN, BitPos(LCD_EN+0) 
;__Lib_Lcd.c,118 :: 		
0x0380	0xDE4D      	RCALL       _Delay_1us
;__Lib_Lcd.c,119 :: 		
0x0382	0x9281      	BCF         LCD_EN, BitPos(LCD_EN+0) 
;__Lib_Lcd.c,120 :: 		
0x0384	0xDE50      	RCALL       _Delay_5500us
;__Lib_Lcd.c,123 :: 		
0x0386	0x9481      	BCF         LCD_D4, BitPos(LCD_D4+0) 
;__Lib_Lcd.c,124 :: 		
0x0388	0x8281      	BSF         LCD_EN, BitPos(LCD_EN+0) 
;__Lib_Lcd.c,125 :: 		
0x038A	0xDE48      	RCALL       _Delay_1us
;__Lib_Lcd.c,126 :: 		
0x038C	0x9281      	BCF         LCD_EN, BitPos(LCD_EN+0) 
;__Lib_Lcd.c,127 :: 		
0x038E	0xDE4B      	RCALL       _Delay_5500us
;__Lib_Lcd.c,130 :: 		
0x0390	0x8281      	BSF         LCD_EN, BitPos(LCD_EN+0) 
;__Lib_Lcd.c,131 :: 		
0x0392	0xDE44      	RCALL       _Delay_1us
;__Lib_Lcd.c,132 :: 		
0x0394	0x9281      	BCF         LCD_EN, BitPos(LCD_EN+0) 
;__Lib_Lcd.c,134 :: 		
0x0396	0x9681      	BCF         LCD_D5, BitPos(LCD_D5+0) 
;__Lib_Lcd.c,135 :: 		
0x0398	0x8A81      	BSF         LCD_D7, BitPos(LCD_D7+0) 
;__Lib_Lcd.c,136 :: 		
0x039A	0x8281      	BSF         LCD_EN, BitPos(LCD_EN+0) 
;__Lib_Lcd.c,137 :: 		
0x039C	0xDE3F      	RCALL       _Delay_1us
;__Lib_Lcd.c,138 :: 		
0x039E	0x9281      	BCF         LCD_EN, BitPos(LCD_EN+0) 
;__Lib_Lcd.c,139 :: 		
0x03A0	0xDE42      	RCALL       _Delay_5500us
;__Lib_Lcd.c,142 :: 		
0x03A2	0x9A81      	BCF         LCD_D7, BitPos(LCD_D7+0) 
;__Lib_Lcd.c,143 :: 		
0x03A4	0x8481      	BSF         LCD_D4, BitPos(LCD_D4+0) 
;__Lib_Lcd.c,144 :: 		
0x03A6	0x8281      	BSF         LCD_EN, BitPos(LCD_EN+0) 
;__Lib_Lcd.c,145 :: 		
0x03A8	0xDE39      	RCALL       _Delay_1us
;__Lib_Lcd.c,146 :: 		
0x03AA	0x9281      	BCF         LCD_EN, BitPos(LCD_EN+0) 
;__Lib_Lcd.c,148 :: 		
0x03AC	0x9481      	BCF         LCD_D4, BitPos(LCD_D4+0) 
;__Lib_Lcd.c,149 :: 		
0x03AE	0x8281      	BSF         LCD_EN, BitPos(LCD_EN+0) 
;__Lib_Lcd.c,150 :: 		
0x03B0	0xDE35      	RCALL       _Delay_1us
;__Lib_Lcd.c,151 :: 		
0x03B2	0x9281      	BCF         LCD_EN, BitPos(LCD_EN+0) 
;__Lib_Lcd.c,152 :: 		
0x03B4	0xDE38      	RCALL       _Delay_5500us
;__Lib_Lcd.c,155 :: 		
0x03B6	0x8281      	BSF         LCD_EN, BitPos(LCD_EN+0) 
;__Lib_Lcd.c,156 :: 		
0x03B8	0xDE31      	RCALL       _Delay_1us
;__Lib_Lcd.c,157 :: 		
0x03BA	0x9281      	BCF         LCD_EN, BitPos(LCD_EN+0) 
;__Lib_Lcd.c,159 :: 		
0x03BC	0x8481      	BSF         LCD_D4, BitPos(LCD_D4+0) 
;__Lib_Lcd.c,160 :: 		
0x03BE	0x8281      	BSF         LCD_EN, BitPos(LCD_EN+0) 
;__Lib_Lcd.c,161 :: 		
0x03C0	0xDE2D      	RCALL       _Delay_1us
;__Lib_Lcd.c,162 :: 		
0x03C2	0x9281      	BCF         LCD_EN, BitPos(LCD_EN+0) 
;__Lib_Lcd.c,163 :: 		
0x03C4	0xDE30      	RCALL       _Delay_5500us
;__Lib_Lcd.c,166 :: 		
0x03C6	0x9481      	BCF         LCD_D4, BitPos(LCD_D4+0) 
;__Lib_Lcd.c,167 :: 		
0x03C8	0x8281      	BSF         LCD_EN, BitPos(LCD_EN+0) 
;__Lib_Lcd.c,168 :: 		
0x03CA	0xDE28      	RCALL       _Delay_1us
;__Lib_Lcd.c,169 :: 		
0x03CC	0x9281      	BCF         LCD_EN, BitPos(LCD_EN+0) 
;__Lib_Lcd.c,171 :: 		
0x03CE	0x8A81      	BSF         LCD_D7, BitPos(LCD_D7+0) 
;__Lib_Lcd.c,172 :: 		
0x03D0	0x8881      	BSF         LCD_D6, BitPos(LCD_D6+0) 
;__Lib_Lcd.c,173 :: 		
0x03D2	0x8681      	BSF         LCD_D5, BitPos(LCD_D5+0) 
;__Lib_Lcd.c,174 :: 		
0x03D4	0x8481      	BSF         LCD_D4, BitPos(LCD_D4+0) 
;__Lib_Lcd.c,175 :: 		
0x03D6	0x8281      	BSF         LCD_EN, BitPos(LCD_EN+0) 
;__Lib_Lcd.c,176 :: 		
0x03D8	0xDE21      	RCALL       _Delay_1us
;__Lib_Lcd.c,177 :: 		
0x03DA	0x9281      	BCF         LCD_EN, BitPos(LCD_EN+0) 
;__Lib_Lcd.c,179 :: 		
0x03DC	0xDE24      	RCALL       _Delay_5500us
;__Lib_Lcd.c,181 :: 		
0x03DE	0x0100      	MOVLB       0
0x03E0	0x8197      	BSF         __Lib_Lcd_cmd_status, BitPos(__Lib_Lcd_cmd_status+0), 1
;__Lib_Lcd.c,182 :: 		
L_end_Lcd_Init:
0x03E2	0x0012      	RETURN      0
; end of _Lcd_Init
_main:
0x03E4	0xF004EC00  	CALL        2048, 0
;MyProject.c,21 :: 		void main() {
;MyProject.c,22 :: 		TRISB.F6=1;
0x03E8	0x8C93      	BSF         TRISB, 6 
;MyProject.c,23 :: 		UART1_Init(9600);               // Initialize UART module at 9600 bps
0x03EA	0x0E67      	MOVLW       103
0x03EC	0x6EAF      	MOVWF       SPBRG 
0x03EE	0x84AC      	BSF         TXSTA, 2, 0
0x03F0	0xDF0D      	RCALL       _UART1_Init
;MyProject.c,24 :: 		Delay_ms(100);                  // Wait for UART module to stabilize
0x03F2	0x0E03      	MOVLW       3
0x03F4	0x6E0B      	MOVWF       R11, 0
0x03F6	0x0E08      	MOVLW       8
0x03F8	0x6E0C      	MOVWF       R12, 0
0x03FA	0x0E77      	MOVLW       119
0x03FC	0x6E0D      	MOVWF       R13, 0
L_main0:
0x03FE	0x2E0D      	DECFSZ      R13, 1, 0
0x0400	0xD7FE      	BRA         L_main0
0x0402	0x2E0C      	DECFSZ      R12, 1, 0
0x0404	0xD7FC      	BRA         L_main0
0x0406	0x2E0B      	DECFSZ      R11, 1, 0
0x0408	0xD7FA      	BRA         L_main0
;MyProject.c,26 :: 		UART1_Write_Text("Start");
0x040A	0x0E2F      	MOVLW       ?lstr1_MyProject
0x040C	0x6F98      	MOVWF       FARG_UART1_Write_Text_uart_text, 1
0x040E	0x0E00      	MOVLW       hi_addr(?lstr1_MyProject)
0x0410	0x6F99      	MOVWF       FARG_UART1_Write_Text_uart_text+1, 1
0x0412	0xDEAB      	RCALL       _UART1_Write_Text
;MyProject.c,27 :: 		UART1_Write(10);
0x0414	0x0E0A      	MOVLW       10
0x0416	0x6F9D      	MOVWF       FARG_UART1_Write_data_, 1
0x0418	0xDE54      	RCALL       _UART1_Write
;MyProject.c,28 :: 		UART1_Write(13);
0x041A	0x0E0D      	MOVLW       13
0x041C	0x0100      	MOVLB       0
0x041E	0x6F9D      	MOVWF       FARG_UART1_Write_data_, 1
0x0420	0xDE50      	RCALL       _UART1_Write
;MyProject.c,30 :: 		limit = 0;
0x0422	0x0100      	MOVLB       0
0x0424	0x6B83      	CLRF        _limit, 1
;MyProject.c,31 :: 		cnt = 0;
0x0426	0x6B86      	CLRF        _cnt, 1
;MyProject.c,32 :: 		pin = 495051;
0x0428	0x0ECB      	MOVLW       203
0x042A	0x6F84      	MOVWF       _pin, 1
0x042C	0x0E8D      	MOVLW       141
0x042E	0x6F85      	MOVWF       _pin+1, 1
;MyProject.c,33 :: 		check =0;
0x0430	0x6B81      	CLRF        _check, 1
0x0432	0x6B82      	CLRF        _check+1, 1
;MyProject.c,34 :: 		Keypad_Init();
0x0434	0xDF7E      	RCALL       _Keypad_Init
;MyProject.c,35 :: 		Lcd_Init();
0x0436	0xDF8A      	RCALL       _Lcd_Init
;MyProject.c,36 :: 		Lcd_Cmd(_LCD_CLEAR);
0x0438	0x0E01      	MOVLW       1
0x043A	0x6FA2      	MOVWF       FARG_Lcd_Cmd_out_char, 1
0x043C	0xDE03      	RCALL       _Lcd_Cmd
;MyProject.c,37 :: 		Lcd_Cmd(_LCD_CURSOR_OFF);
0x043E	0x0E0C      	MOVLW       12
0x0440	0x6FA2      	MOVWF       FARG_Lcd_Cmd_out_char, 1
0x0442	0xDE00      	RCALL       _Lcd_Cmd
;MyProject.c,38 :: 		Lcd_Out(1, 1, "Enter Pin:");
0x0444	0x0E01      	MOVLW       1
0x0446	0x6F98      	MOVWF       FARG_Lcd_Out_row, 1
0x0448	0x0E01      	MOVLW       1
0x044A	0x6F99      	MOVWF       FARG_Lcd_Out_column, 1
0x044C	0x0E15      	MOVLW       ?lstr2_MyProject
0x044E	0x6F9A      	MOVWF       FARG_Lcd_Out_text, 1
0x0450	0x0E00      	MOVLW       hi_addr(?lstr2_MyProject)
0x0452	0x6F9B      	MOVWF       FARG_Lcd_Out_text+1, 1
0x0454	0xDF07      	RCALL       _Lcd_Out
;MyProject.c,40 :: 		do {
L_main1:
;MyProject.c,41 :: 		kp = 0;
0x0456	0x6A7F      	CLRF        _kp 
;MyProject.c,42 :: 		do{
L_main4:
;MyProject.c,43 :: 		kp = Keypad_Key_Click();
0x0458	0xDE7C      	RCALL       _Keypad_Key_Click
0x045A	0xF07FC000  	MOVFF       R0, _kp
;MyProject.c,44 :: 		if(PORTB.F6==1)
0x045E	0xAC81      	BTFSS       PORTB, 6 
0x0460	0xD0D1      	BRA         L_main7
;MyProject.c,45 :: 		{    limit1=0;
0x0462	0x6B80      	CLRF        _limit1, 1
;MyProject.c,46 :: 		pin=0;
0x0464	0x6B84      	CLRF        _pin, 1
0x0466	0x6B85      	CLRF        _pin+1, 1
;MyProject.c,47 :: 		Lcd_Cmd(_LCD_CLEAR);
0x0468	0x0E01      	MOVLW       1
0x046A	0x6FA2      	MOVWF       FARG_Lcd_Cmd_out_char, 1
0x046C	0xDDEB      	RCALL       _Lcd_Cmd
;MyProject.c,48 :: 		Lcd_Cmd(_LCD_CURSOR_OFF);
0x046E	0x0E0C      	MOVLW       12
0x0470	0x6FA2      	MOVWF       FARG_Lcd_Cmd_out_char, 1
0x0472	0xDDE8      	RCALL       _Lcd_Cmd
;MyProject.c,49 :: 		Lcd_Out(1, 1, "Enter New Pin:");
0x0474	0x0E01      	MOVLW       1
0x0476	0x6F98      	MOVWF       FARG_Lcd_Out_row, 1
0x0478	0x0E01      	MOVLW       1
0x047A	0x6F99      	MOVWF       FARG_Lcd_Out_column, 1
0x047C	0x0E20      	MOVLW       ?lstr3_MyProject
0x047E	0x6F9A      	MOVWF       FARG_Lcd_Out_text, 1
0x0480	0x0E00      	MOVLW       hi_addr(?lstr3_MyProject)
0x0482	0x6F9B      	MOVWF       FARG_Lcd_Out_text+1, 1
0x0484	0xDEEF      	RCALL       _Lcd_Out
;MyProject.c,51 :: 		do {
L_main8:
;MyProject.c,52 :: 		kp = 0;
0x0486	0x6A7F      	CLRF        _kp 
;MyProject.c,53 :: 		do
L_main11:
;MyProject.c,54 :: 		kp = Keypad_Key_Click();
0x0488	0xDE64      	RCALL       _Keypad_Key_Click
0x048A	0xF07FC000  	MOVFF       R0, _kp
;MyProject.c,55 :: 		while (!kp);
0x048E	0x5200      	MOVF        R0, 1 
0x0490	0xE0FB      	BZ          L_main11
;MyProject.c,57 :: 		switch (kp) {
0x0492	0xD030      	BRA         L_main14
;MyProject.c,58 :: 		case  1: kp = 49; break; // 1
L_main16:
0x0494	0x0E31      	MOVLW       49
0x0496	0x6E7F      	MOVWF       _kp 
0x0498	0xD05D      	BRA         L_main15
;MyProject.c,59 :: 		case  2: kp = 50; break; // 2
L_main17:
0x049A	0x0E32      	MOVLW       50
0x049C	0x6E7F      	MOVWF       _kp 
0x049E	0xD05A      	BRA         L_main15
;MyProject.c,60 :: 		case  3: kp = 51; break; // 3
L_main18:
0x04A0	0x0E33      	MOVLW       51
0x04A2	0x6E7F      	MOVWF       _kp 
0x04A4	0xD057      	BRA         L_main15
;MyProject.c,61 :: 		case  4: kp = 65; break; // A
L_main19:
0x04A6	0x0E41      	MOVLW       65
0x04A8	0x6E7F      	MOVWF       _kp 
0x04AA	0xD054      	BRA         L_main15
;MyProject.c,62 :: 		case  5: kp = 52; break; // 4
L_main20:
0x04AC	0x0E34      	MOVLW       52
0x04AE	0x6E7F      	MOVWF       _kp 
0x04B0	0xD051      	BRA         L_main15
;MyProject.c,63 :: 		case  6: kp = 53; break; // 5
L_main21:
0x04B2	0x0E35      	MOVLW       53
0x04B4	0x6E7F      	MOVWF       _kp 
0x04B6	0xD04E      	BRA         L_main15
;MyProject.c,64 :: 		case  7: kp = 54; break; // 6
L_main22:
0x04B8	0x0E36      	MOVLW       54
0x04BA	0x6E7F      	MOVWF       _kp 
0x04BC	0xD04B      	BRA         L_main15
;MyProject.c,65 :: 		case  8: kp = 66; break; // B
L_main23:
0x04BE	0x0E42      	MOVLW       66
0x04C0	0x6E7F      	MOVWF       _kp 
0x04C2	0xD048      	BRA         L_main15
;MyProject.c,66 :: 		case  9: kp = 55; break; // 7
L_main24:
0x04C4	0x0E37      	MOVLW       55
0x04C6	0x6E7F      	MOVWF       _kp 
0x04C8	0xD045      	BRA         L_main15
;MyProject.c,67 :: 		case 10: kp = 56; break; // 8
L_main25:
0x04CA	0x0E38      	MOVLW       56
0x04CC	0x6E7F      	MOVWF       _kp 
0x04CE	0xD042      	BRA         L_main15
;MyProject.c,68 :: 		case 11: kp = 57; break; // 9
L_main26:
0x04D0	0x0E39      	MOVLW       57
0x04D2	0x6E7F      	MOVWF       _kp 
0x04D4	0xD03F      	BRA         L_main15
;MyProject.c,69 :: 		case 12: kp = 67; break; // C
L_main27:
0x04D6	0x0E43      	MOVLW       67
0x04D8	0x6E7F      	MOVWF       _kp 
0x04DA	0xD03C      	BRA         L_main15
;MyProject.c,70 :: 		case 13: kp = 42; break; // *
L_main28:
0x04DC	0x0E2A      	MOVLW       42
0x04DE	0x6E7F      	MOVWF       _kp 
0x04E0	0xD039      	BRA         L_main15
;MyProject.c,71 :: 		case 14: kp = 48; break; // 0
L_main29:
0x04E2	0x0E30      	MOVLW       48
0x04E4	0x6E7F      	MOVWF       _kp 
0x04E6	0xD036      	BRA         L_main15
;MyProject.c,72 :: 		case 15: kp = 35; break; // #
L_main30:
0x04E8	0x0E23      	MOVLW       35
0x04EA	0x6E7F      	MOVWF       _kp 
0x04EC	0xD033      	BRA         L_main15
;MyProject.c,73 :: 		case 16: kp = 68; break; // D
L_main31:
0x04EE	0x0E44      	MOVLW       68
0x04F0	0x6E7F      	MOVWF       _kp 
0x04F2	0xD030      	BRA         L_main15
;MyProject.c,75 :: 		}
L_main14:
0x04F4	0x507F      	MOVF        _kp, 0 
0x04F6	0x0A01      	XORLW       1
0x04F8	0xE0CD      	BZ          L_main16
0x04FA	0x507F      	MOVF        _kp, 0 
0x04FC	0x0A02      	XORLW       2
0x04FE	0xE0CD      	BZ          L_main17
0x0500	0x507F      	MOVF        _kp, 0 
0x0502	0x0A03      	XORLW       3
0x0504	0xE0CD      	BZ          L_main18
0x0506	0x507F      	MOVF        _kp, 0 
0x0508	0x0A04      	XORLW       4
0x050A	0xE0CD      	BZ          L_main19
0x050C	0x507F      	MOVF        _kp, 0 
0x050E	0x0A05      	XORLW       5
0x0510	0xE0CD      	BZ          L_main20
0x0512	0x507F      	MOVF        _kp, 0 
0x0514	0x0A06      	XORLW       6
0x0516	0xE0CD      	BZ          L_main21
0x0518	0x507F      	MOVF        _kp, 0 
0x051A	0x0A07      	XORLW       7
0x051C	0xE0CD      	BZ          L_main22
0x051E	0x507F      	MOVF        _kp, 0 
0x0520	0x0A08      	XORLW       8
0x0522	0xE0CD      	BZ          L_main23
0x0524	0x507F      	MOVF        _kp, 0 
0x0526	0x0A09      	XORLW       9
0x0528	0xE0CD      	BZ          L_main24
0x052A	0x507F      	MOVF        _kp, 0 
0x052C	0x0A0A      	XORLW       10
0x052E	0xE0CD      	BZ          L_main25
0x0530	0x507F      	MOVF        _kp, 0 
0x0532	0x0A0B      	XORLW       11
0x0534	0xE0CD      	BZ          L_main26
0x0536	0x507F      	MOVF        _kp, 0 
0x0538	0x0A0C      	XORLW       12
0x053A	0xE0CD      	BZ          L_main27
0x053C	0x507F      	MOVF        _kp, 0 
0x053E	0x0A0D      	XORLW       13
0x0540	0xE0CD      	BZ          L_main28
0x0542	0x507F      	MOVF        _kp, 0 
0x0544	0x0A0E      	XORLW       14
0x0546	0xE0CD      	BZ          L_main29
0x0548	0x507F      	MOVF        _kp, 0 
0x054A	0x0A0F      	XORLW       15
0x054C	0xE0CD      	BZ          L_main30
0x054E	0x507F      	MOVF        _kp, 0 
0x0550	0x0A10      	XORLW       16
0x0552	0xE0CD      	BZ          L_main31
L_main15:
;MyProject.c,81 :: 		if(kp != 35 && limit<3)
0x0554	0x507F      	MOVF        _kp, 0 
0x0556	0x0A23      	XORLW       35
0x0558	0xE020      	BZ          L_main34
0x055A	0x0E03      	MOVLW       3
0x055C	0x5D83      	SUBWF       _limit, 0, 1
0x055E	0xE21D      	BC          L_main34
L__main65:
;MyProject.c,83 :: 		pin = 100 * pin + kp;
0x0560	0x0E64      	MOVLW       100
0x0562	0x6E00      	MOVWF       R0 
0x0564	0x0E00      	MOVLW       0
0x0566	0x6E01      	MOVWF       R1 
0x0568	0xF004C084  	MOVFF       _pin, R4
0x056C	0xF005C085  	MOVFF       _pin+1, R5
0x0570	0xDEB8      	RCALL       _Mul_16X16_U
0x0572	0x507F      	MOVF        _kp, 0 
0x0574	0x2400      	ADDWF       R0, 0 
0x0576	0x6F84      	MOVWF       _pin, 1
0x0578	0x0E00      	MOVLW       0
0x057A	0x2001      	ADDWFC      R1, 0 
0x057C	0x6F85      	MOVWF       _pin+1, 1
;MyProject.c,84 :: 		Lcd_Chr(2, 1 + limit1, kp);
0x057E	0x0E02      	MOVLW       2
0x0580	0x6F98      	MOVWF       FARG_Lcd_Chr_row, 1
0x0582	0x5180      	MOVF        _limit1, 0, 1
0x0584	0x0F01      	ADDLW       1
0x0586	0x6F99      	MOVWF       FARG_Lcd_Chr_column, 1
0x0588	0xF09AC07F  	MOVFF       _kp, FARG_Lcd_Chr_out_char
0x058C	0xDE08      	RCALL       _Lcd_Chr
;MyProject.c,85 :: 		UART1_Write(check);
0x058E	0xF09DC081  	MOVFF       _check, FARG_UART1_Write_data_
0x0592	0xDD97      	RCALL       _UART1_Write
;MyProject.c,86 :: 		limit1 = limit1 + 1;
0x0594	0x0100      	MOVLB       0
0x0596	0x2B80      	INCF        _limit1, 1, 1
;MyProject.c,87 :: 		}
0x0598	0xD031      	BRA         L_main35
L_main34:
;MyProject.c,88 :: 		else if(kp==35)
0x059A	0x507F      	MOVF        _kp, 0 
0x059C	0x0A23      	XORLW       35
0x059E	0xE12E      	BNZ         L_main36
;MyProject.c,89 :: 		{Lcd_Cmd(_LCD_CLEAR);
0x05A0	0x0E01      	MOVLW       1
0x05A2	0x6FA2      	MOVWF       FARG_Lcd_Cmd_out_char, 1
0x05A4	0xDD4F      	RCALL       _Lcd_Cmd
;MyProject.c,90 :: 		Lcd_Cmd(_LCD_CURSOR_OFF);
0x05A6	0x0E0C      	MOVLW       12
0x05A8	0x6FA2      	MOVWF       FARG_Lcd_Cmd_out_char, 1
0x05AA	0xDD4C      	RCALL       _Lcd_Cmd
;MyProject.c,91 :: 		Lcd_Out(1, 1, "Your new Pin has set succesfully");
0x05AC	0x0E01      	MOVLW       1
0x05AE	0x6F98      	MOVWF       FARG_Lcd_Out_row, 1
0x05B0	0x0E01      	MOVLW       1
0x05B2	0x6F99      	MOVWF       FARG_Lcd_Out_column, 1
0x05B4	0x0E35      	MOVLW       ?lstr4_MyProject
0x05B6	0x6F9A      	MOVWF       FARG_Lcd_Out_text, 1
0x05B8	0x0E00      	MOVLW       hi_addr(?lstr4_MyProject)
0x05BA	0x6F9B      	MOVWF       FARG_Lcd_Out_text+1, 1
0x05BC	0xDE53      	RCALL       _Lcd_Out
;MyProject.c,92 :: 		Delay_ms(1000);
0x05BE	0x0E15      	MOVLW       21
0x05C0	0x6E0B      	MOVWF       R11, 0
0x05C2	0x0E4B      	MOVLW       75
0x05C4	0x6E0C      	MOVWF       R12, 0
0x05C6	0x0EBE      	MOVLW       190
0x05C8	0x6E0D      	MOVWF       R13, 0
L_main37:
0x05CA	0x2E0D      	DECFSZ      R13, 1, 0
0x05CC	0xD7FE      	BRA         L_main37
0x05CE	0x2E0C      	DECFSZ      R12, 1, 0
0x05D0	0xD7FC      	BRA         L_main37
0x05D2	0x2E0B      	DECFSZ      R11, 1, 0
0x05D4	0xD7FA      	BRA         L_main37
0x05D6	0x0000      	NOP
;MyProject.c,93 :: 		Lcd_Cmd(_LCD_CLEAR);
0x05D8	0x0E01      	MOVLW       1
0x05DA	0x6FA2      	MOVWF       FARG_Lcd_Cmd_out_char, 1
0x05DC	0xDD33      	RCALL       _Lcd_Cmd
;MyProject.c,94 :: 		Lcd_Cmd(_LCD_CURSOR_OFF);
0x05DE	0x0E0C      	MOVLW       12
0x05E0	0x6FA2      	MOVWF       FARG_Lcd_Cmd_out_char, 1
0x05E2	0xDD30      	RCALL       _Lcd_Cmd
;MyProject.c,95 :: 		Lcd_Out(1, 1, "Enter Pin:");
0x05E4	0x0E01      	MOVLW       1
0x05E6	0x6F98      	MOVWF       FARG_Lcd_Out_row, 1
0x05E8	0x0E01      	MOVLW       1
0x05EA	0x6F99      	MOVWF       FARG_Lcd_Out_column, 1
0x05EC	0x0E61      	MOVLW       ?lstr5_MyProject
0x05EE	0x6F9A      	MOVWF       FARG_Lcd_Out_text, 1
0x05F0	0x0E00      	MOVLW       hi_addr(?lstr5_MyProject)
0x05F2	0x6F9B      	MOVWF       FARG_Lcd_Out_text+1, 1
0x05F4	0xDE37      	RCALL       _Lcd_Out
;MyProject.c,96 :: 		limit=0;
0x05F6	0x6B83      	CLRF        _limit, 1
;MyProject.c,97 :: 		kp=0;
0x05F8	0x6A7F      	CLRF        _kp 
;MyProject.c,98 :: 		break;}
0x05FA	0xD004      	BRA         L_main9
L_main36:
L_main35:
;MyProject.c,100 :: 		} while (limit1<4);
0x05FC	0x0E04      	MOVLW       4
0x05FE	0x5D80      	SUBWF       _limit1, 0, 1
0x0600	0xA0D8      	BTFSS       STATUS, 0 
0x0602	0xD741      	BRA         L_main8
L_main9:
;MyProject.c,102 :: 		}}
L_main7:
;MyProject.c,103 :: 		while (!kp);
0x0604	0x527F      	MOVF        _kp, 1 
0x0606	0xB4D8      	BTFSC       STATUS, 2 
0x0608	0xD727      	BRA         L_main4
;MyProject.c,105 :: 		Lcd_Cmd(_LCD_CURSOR_OFF);
0x060A	0x0E0C      	MOVLW       12
0x060C	0x6FA2      	MOVWF       FARG_Lcd_Cmd_out_char, 1
0x060E	0xDD1A      	RCALL       _Lcd_Cmd
;MyProject.c,106 :: 		Lcd_Out(1, 1, "Enter Pin:");
0x0610	0x0E01      	MOVLW       1
0x0612	0x6F98      	MOVWF       FARG_Lcd_Out_row, 1
0x0614	0x0E01      	MOVLW       1
0x0616	0x6F99      	MOVWF       FARG_Lcd_Out_column, 1
0x0618	0x0E56      	MOVLW       ?lstr6_MyProject
0x061A	0x6F9A      	MOVWF       FARG_Lcd_Out_text, 1
0x061C	0x0E00      	MOVLW       hi_addr(?lstr6_MyProject)
0x061E	0x6F9B      	MOVWF       FARG_Lcd_Out_text+1, 1
0x0620	0xDE21      	RCALL       _Lcd_Out
;MyProject.c,107 :: 		switch (kp) {
0x0622	0xD030      	BRA         L_main38
;MyProject.c,108 :: 		case  1: kp = 49; break; // 1
L_main40:
0x0624	0x0E31      	MOVLW       49
0x0626	0x6E7F      	MOVWF       _kp 
0x0628	0xD05D      	BRA         L_main39
;MyProject.c,109 :: 		case  2: kp = 50; break; // 2
L_main41:
0x062A	0x0E32      	MOVLW       50
0x062C	0x6E7F      	MOVWF       _kp 
0x062E	0xD05A      	BRA         L_main39
;MyProject.c,110 :: 		case  3: kp = 51; break; // 3
L_main42:
0x0630	0x0E33      	MOVLW       51
0x0632	0x6E7F      	MOVWF       _kp 
0x0634	0xD057      	BRA         L_main39
;MyProject.c,111 :: 		case  4: kp = 65; break; // A
L_main43:
0x0636	0x0E41      	MOVLW       65
0x0638	0x6E7F      	MOVWF       _kp 
0x063A	0xD054      	BRA         L_main39
;MyProject.c,112 :: 		case  5: kp = 52; break; // 4
L_main44:
0x063C	0x0E34      	MOVLW       52
0x063E	0x6E7F      	MOVWF       _kp 
0x0640	0xD051      	BRA         L_main39
;MyProject.c,113 :: 		case  6: kp = 53; break; // 5
L_main45:
0x0642	0x0E35      	MOVLW       53
0x0644	0x6E7F      	MOVWF       _kp 
0x0646	0xD04E      	BRA         L_main39
;MyProject.c,114 :: 		case  7: kp = 54; break; // 6
L_main46:
0x0648	0x0E36      	MOVLW       54
0x064A	0x6E7F      	MOVWF       _kp 
0x064C	0xD04B      	BRA         L_main39
;MyProject.c,115 :: 		case  8: kp = 66; break; // B
L_main47:
0x064E	0x0E42      	MOVLW       66
0x0650	0x6E7F      	MOVWF       _kp 
0x0652	0xD048      	BRA         L_main39
;MyProject.c,116 :: 		case  9: kp = 55; break; // 7
L_main48:
0x0654	0x0E37      	MOVLW       55
0x0656	0x6E7F      	MOVWF       _kp 
0x0658	0xD045      	BRA         L_main39
;MyProject.c,117 :: 		case 10: kp = 56; break; // 8
L_main49:
0x065A	0x0E38      	MOVLW       56
0x065C	0x6E7F      	MOVWF       _kp 
0x065E	0xD042      	BRA         L_main39
;MyProject.c,118 :: 		case 11: kp = 57; break; // 9
L_main50:
0x0660	0x0E39      	MOVLW       57
0x0662	0x6E7F      	MOVWF       _kp 
0x0664	0xD03F      	BRA         L_main39
;MyProject.c,119 :: 		case 12: kp = 67; break; // C
L_main51:
0x0666	0x0E43      	MOVLW       67
0x0668	0x6E7F      	MOVWF       _kp 
0x066A	0xD03C      	BRA         L_main39
;MyProject.c,120 :: 		case 13: kp = 42; break; // *
L_main52:
0x066C	0x0E2A      	MOVLW       42
0x066E	0x6E7F      	MOVWF       _kp 
0x0670	0xD039      	BRA         L_main39
;MyProject.c,121 :: 		case 14: kp = 48; break; // 0
L_main53:
0x0672	0x0E30      	MOVLW       48
0x0674	0x6E7F      	MOVWF       _kp 
0x0676	0xD036      	BRA         L_main39
;MyProject.c,122 :: 		case 15: kp = 35; break; // #
L_main54:
0x0678	0x0E23      	MOVLW       35
0x067A	0x6E7F      	MOVWF       _kp 
0x067C	0xD033      	BRA         L_main39
;MyProject.c,123 :: 		case 16: kp = 68; break; // D
L_main55:
0x067E	0x0E44      	MOVLW       68
0x0680	0x6E7F      	MOVWF       _kp 
0x0682	0xD030      	BRA         L_main39
;MyProject.c,125 :: 		}
L_main38:
0x0684	0x507F      	MOVF        _kp, 0 
0x0686	0x0A01      	XORLW       1
0x0688	0xE0CD      	BZ          L_main40
0x068A	0x507F      	MOVF        _kp, 0 
0x068C	0x0A02      	XORLW       2
0x068E	0xE0CD      	BZ          L_main41
0x0690	0x507F      	MOVF        _kp, 0 
0x0692	0x0A03      	XORLW       3
0x0694	0xE0CD      	BZ          L_main42
0x0696	0x507F      	MOVF        _kp, 0 
0x0698	0x0A04      	XORLW       4
0x069A	0xE0CD      	BZ          L_main43
0x069C	0x507F      	MOVF        _kp, 0 
0x069E	0x0A05      	XORLW       5
0x06A0	0xE0CD      	BZ          L_main44
0x06A2	0x507F      	MOVF        _kp, 0 
0x06A4	0x0A06      	XORLW       6
0x06A6	0xE0CD      	BZ          L_main45
0x06A8	0x507F      	MOVF        _kp, 0 
0x06AA	0x0A07      	XORLW       7
0x06AC	0xE0CD      	BZ          L_main46
0x06AE	0x507F      	MOVF        _kp, 0 
0x06B0	0x0A08      	XORLW       8
0x06B2	0xE0CD      	BZ          L_main47
0x06B4	0x507F      	MOVF        _kp, 0 
0x06B6	0x0A09      	XORLW       9
0x06B8	0xE0CD      	BZ          L_main48
0x06BA	0x507F      	MOVF        _kp, 0 
0x06BC	0x0A0A      	XORLW       10
0x06BE	0xE0CD      	BZ          L_main49
0x06C0	0x507F      	MOVF        _kp, 0 
0x06C2	0x0A0B      	XORLW       11
0x06C4	0xE0CD      	BZ          L_main50
0x06C6	0x507F      	MOVF        _kp, 0 
0x06C8	0x0A0C      	XORLW       12
0x06CA	0xE0CD      	BZ          L_main51
0x06CC	0x507F      	MOVF        _kp, 0 
0x06CE	0x0A0D      	XORLW       13
0x06D0	0xE0CD      	BZ          L_main52
0x06D2	0x507F      	MOVF        _kp, 0 
0x06D4	0x0A0E      	XORLW       14
0x06D6	0xE0CD      	BZ          L_main53
0x06D8	0x507F      	MOVF        _kp, 0 
0x06DA	0x0A0F      	XORLW       15
0x06DC	0xE0CD      	BZ          L_main54
0x06DE	0x507F      	MOVF        _kp, 0 
0x06E0	0x0A10      	XORLW       16
0x06E2	0xE0CD      	BZ          L_main55
L_main39:
;MyProject.c,132 :: 		if (kp == 35)
0x06E4	0x507F      	MOVF        _kp, 0 
0x06E6	0x0A23      	XORLW       35
0x06E8	0xE12F      	BNZ         L_main56
;MyProject.c,134 :: 		if (pin == check)
0x06EA	0x5185      	MOVF        _pin+1, 0, 1
0x06EC	0x1982      	XORWF       _check+1, 0, 1
0x06EE	0xE102      	BNZ         L__main67
0x06F0	0x5181      	MOVF        _check, 0, 1
0x06F2	0x1984      	XORWF       _pin, 0, 1
L__main67:
0x06F4	0xE110      	BNZ         L_main57
;MyProject.c,136 :: 		Lcd_Cmd(_LCD_CLEAR);
0x06F6	0x0E01      	MOVLW       1
0x06F8	0x6FA2      	MOVWF       FARG_Lcd_Cmd_out_char, 1
0x06FA	0xDCA4      	RCALL       _Lcd_Cmd
;MyProject.c,137 :: 		Lcd_Cmd(_LCD_CURSOR_OFF);
0x06FC	0x0E0C      	MOVLW       12
0x06FE	0x6FA2      	MOVWF       FARG_Lcd_Cmd_out_char, 1
0x0700	0xDCA1      	RCALL       _Lcd_Cmd
;MyProject.c,138 :: 		Lcd_Out(1, 3, "UNLOCKING");
0x0702	0x0E01      	MOVLW       1
0x0704	0x6F98      	MOVWF       FARG_Lcd_Out_row, 1
0x0706	0x0E03      	MOVLW       3
0x0708	0x6F99      	MOVWF       FARG_Lcd_Out_column, 1
0x070A	0x0E75      	MOVLW       ?lstr7_MyProject
0x070C	0x6F9A      	MOVWF       FARG_Lcd_Out_text, 1
0x070E	0x0E00      	MOVLW       hi_addr(?lstr7_MyProject)
0x0710	0x6F9B      	MOVWF       FARG_Lcd_Out_text+1, 1
0x0712	0xDDA8      	RCALL       _Lcd_Out
;MyProject.c,139 :: 		break;
0x0714	0xD03F      	BRA         L_main2
;MyProject.c,140 :: 		}
L_main57:
;MyProject.c,141 :: 		else if(pin != check)
0x0716	0x5185      	MOVF        _pin+1, 0, 1
0x0718	0x1982      	XORWF       _check+1, 0, 1
0x071A	0xE102      	BNZ         L__main68
0x071C	0x5181      	MOVF        _check, 0, 1
0x071E	0x1984      	XORWF       _pin, 0, 1
L__main68:
0x0720	0xE012      	BZ          L_main59
;MyProject.c,143 :: 		Lcd_Cmd(_LCD_CLEAR);
0x0722	0x0E01      	MOVLW       1
0x0724	0x6FA2      	MOVWF       FARG_Lcd_Cmd_out_char, 1
0x0726	0xDC8E      	RCALL       _Lcd_Cmd
;MyProject.c,144 :: 		Lcd_Cmd(_LCD_CURSOR_OFF);
0x0728	0x0E0C      	MOVLW       12
0x072A	0x6FA2      	MOVWF       FARG_Lcd_Cmd_out_char, 1
0x072C	0xDC8B      	RCALL       _Lcd_Cmd
;MyProject.c,145 :: 		Lcd_Out(1, 3, "WrongPin");
0x072E	0x0E01      	MOVLW       1
0x0730	0x6F98      	MOVWF       FARG_Lcd_Out_row, 1
0x0732	0x0E03      	MOVLW       3
0x0734	0x6F99      	MOVWF       FARG_Lcd_Out_column, 1
0x0736	0x0E6C      	MOVLW       ?lstr8_MyProject
0x0738	0x6F9A      	MOVWF       FARG_Lcd_Out_text, 1
0x073A	0x0E00      	MOVLW       hi_addr(?lstr8_MyProject)
0x073C	0x6F9B      	MOVWF       FARG_Lcd_Out_text+1, 1
0x073E	0xDD92      	RCALL       _Lcd_Out
;MyProject.c,146 :: 		check=0;
0x0740	0x6B81      	CLRF        _check, 1
0x0742	0x6B82      	CLRF        _check+1, 1
;MyProject.c,147 :: 		limit=0;
0x0744	0x6B83      	CLRF        _limit, 1
;MyProject.c,148 :: 		}
L_main59:
;MyProject.c,149 :: 		}
0x0746	0xD022      	BRA         L_main60
L_main56:
;MyProject.c,150 :: 		else if(kp != 35 && limit<3)
0x0748	0x507F      	MOVF        _kp, 0 
0x074A	0x0A23      	XORLW       35
0x074C	0xE01F      	BZ          L_main63
0x074E	0x0E03      	MOVLW       3
0x0750	0x5D83      	SUBWF       _limit, 0, 1
0x0752	0xE21C      	BC          L_main63
L__main64:
;MyProject.c,152 :: 		check = 100 * check + kp;
0x0754	0x0E64      	MOVLW       100
0x0756	0x6E00      	MOVWF       R0 
0x0758	0x0E00      	MOVLW       0
0x075A	0x6E01      	MOVWF       R1 
0x075C	0xF004C081  	MOVFF       _check, R4
0x0760	0xF005C082  	MOVFF       _check+1, R5
0x0764	0xDDBE      	RCALL       _Mul_16X16_U
0x0766	0x507F      	MOVF        _kp, 0 
0x0768	0x2400      	ADDWF       R0, 0 
0x076A	0x6F81      	MOVWF       _check, 1
0x076C	0x0E00      	MOVLW       0
0x076E	0x2001      	ADDWFC      R1, 0 
0x0770	0x6F82      	MOVWF       _check+1, 1
;MyProject.c,153 :: 		Lcd_Chr(2, 1 + limit, 42);
0x0772	0x0E02      	MOVLW       2
0x0774	0x6F98      	MOVWF       FARG_Lcd_Chr_row, 1
0x0776	0x5183      	MOVF        _limit, 0, 1
0x0778	0x0F01      	ADDLW       1
0x077A	0x6F99      	MOVWF       FARG_Lcd_Chr_column, 1
0x077C	0x0E2A      	MOVLW       42
0x077E	0x6F9A      	MOVWF       FARG_Lcd_Chr_out_char, 1
0x0780	0xDD0E      	RCALL       _Lcd_Chr
;MyProject.c,154 :: 		UART1_Write(check);
0x0782	0xF09DC081  	MOVFF       _check, FARG_UART1_Write_data_
0x0786	0xDC9D      	RCALL       _UART1_Write
;MyProject.c,155 :: 		limit = limit + 1;
0x0788	0x0100      	MOVLB       0
0x078A	0x2B83      	INCF        _limit, 1, 1
;MyProject.c,156 :: 		}
L_main63:
L_main60:
;MyProject.c,158 :: 		} while (limit<4);
0x078C	0x0E04      	MOVLW       4
0x078E	0x5D83      	SUBWF       _limit, 0, 1
0x0790	0xA0D8      	BTFSS       STATUS, 0 
0x0792	0xD661      	BRA         L_main1
L_main2:
;MyProject.c,159 :: 		}
L_end_main:
0x0794	0xD7FF      	BRA         $+0
; end of _main
0x0800	0xF015EE10  	LFSR        1, 21
0x0804	0x0E6A      	MOVLW       106
0x0806	0x6E00      	MOVWF       R0 
0x0808	0x0E01      	MOVLW       1
0x080A	0x6E01      	MOVWF       R1 
0x080C	0x0E96      	MOVLW       150
0x080E	0x6EF6      	MOVWF       4086 
0x0810	0x0E07      	MOVLW       7
0x0812	0x6EF7      	MOVWF       TBLPTRH 
0x0814	0x0E00      	MOVLW       0
0x0816	0x6EF8      	MOVWF       TBLPTRU 
0x0818	0xF000ECFE  	CALL        508, 0
0x081C	0x0012      	RETURN      0
;MyProject.c,0 :: ?ICS?lstr2_MyProject
0x0796	0x6E45 ;?ICS?lstr2_MyProject+0
0x0798	0x6574 ;?ICS?lstr2_MyProject+2
0x079A	0x2072 ;?ICS?lstr2_MyProject+4
0x079C	0x6950 ;?ICS?lstr2_MyProject+6
0x079E	0x3A6E ;?ICS?lstr2_MyProject+8
0x07A0	0x00 ;?ICS?lstr2_MyProject+10
; end of ?ICS?lstr2_MyProject
;MyProject.c,0 :: ?ICS?lstr3_MyProject
0x07A1	0x6E45 ;?ICS?lstr3_MyProject+0
0x07A3	0x6574 ;?ICS?lstr3_MyProject+2
0x07A5	0x2072 ;?ICS?lstr3_MyProject+4
0x07A7	0x654E ;?ICS?lstr3_MyProject+6
0x07A9	0x2077 ;?ICS?lstr3_MyProject+8
0x07AB	0x6950 ;?ICS?lstr3_MyProject+10
0x07AD	0x3A6E ;?ICS?lstr3_MyProject+12
0x07AF	0x00 ;?ICS?lstr3_MyProject+14
; end of ?ICS?lstr3_MyProject
;MyProject.c,0 :: ?ICS?lstr1_MyProject
0x07B0	0x7453 ;?ICS?lstr1_MyProject+0
0x07B2	0x7261 ;?ICS?lstr1_MyProject+2
0x07B4	0x0074 ;?ICS?lstr1_MyProject+4
; end of ?ICS?lstr1_MyProject
;MyProject.c,0 :: ?ICS?lstr4_MyProject
0x07B6	0x6F59 ;?ICS?lstr4_MyProject+0
0x07B8	0x7275 ;?ICS?lstr4_MyProject+2
0x07BA	0x6E20 ;?ICS?lstr4_MyProject+4
0x07BC	0x7765 ;?ICS?lstr4_MyProject+6
0x07BE	0x5020 ;?ICS?lstr4_MyProject+8
0x07C0	0x6E69 ;?ICS?lstr4_MyProject+10
0x07C2	0x6820 ;?ICS?lstr4_MyProject+12
0x07C4	0x7361 ;?ICS?lstr4_MyProject+14
0x07C6	0x7320 ;?ICS?lstr4_MyProject+16
0x07C8	0x7465 ;?ICS?lstr4_MyProject+18
0x07CA	0x7320 ;?ICS?lstr4_MyProject+20
0x07CC	0x6375 ;?ICS?lstr4_MyProject+22
0x07CE	0x6563 ;?ICS?lstr4_MyProject+24
0x07D0	0x6673 ;?ICS?lstr4_MyProject+26
0x07D2	0x6C75 ;?ICS?lstr4_MyProject+28
0x07D4	0x796C ;?ICS?lstr4_MyProject+30
0x07D6	0x00 ;?ICS?lstr4_MyProject+32
; end of ?ICS?lstr4_MyProject
;MyProject.c,0 :: ?ICS?lstr6_MyProject
0x07D7	0x6E45 ;?ICS?lstr6_MyProject+0
0x07D9	0x6574 ;?ICS?lstr6_MyProject+2
0x07DB	0x2072 ;?ICS?lstr6_MyProject+4
0x07DD	0x6950 ;?ICS?lstr6_MyProject+6
0x07DF	0x3A6E ;?ICS?lstr6_MyProject+8
0x07E1	0x00 ;?ICS?lstr6_MyProject+10
; end of ?ICS?lstr6_MyProject
;MyProject.c,0 :: ?ICS?lstr5_MyProject
0x07E2	0x6E45 ;?ICS?lstr5_MyProject+0
0x07E4	0x6574 ;?ICS?lstr5_MyProject+2
0x07E6	0x2072 ;?ICS?lstr5_MyProject+4
0x07E8	0x6950 ;?ICS?lstr5_MyProject+6
0x07EA	0x3A6E ;?ICS?lstr5_MyProject+8
0x07EC	0x00 ;?ICS?lstr5_MyProject+10
; end of ?ICS?lstr5_MyProject
;MyProject.c,0 :: ?ICS?lstr8_MyProject
0x07ED	0x7257 ;?ICS?lstr8_MyProject+0
0x07EF	0x6E6F ;?ICS?lstr8_MyProject+2
0x07F1	0x5067 ;?ICS?lstr8_MyProject+4
0x07F3	0x6E69 ;?ICS?lstr8_MyProject+6
0x07F5	0x00 ;?ICS?lstr8_MyProject+8
; end of ?ICS?lstr8_MyProject
;MyProject.c,0 :: ?ICS?lstr7_MyProject
0x07F6	0x4E55 ;?ICS?lstr7_MyProject+0
0x07F8	0x4F4C ;?ICS?lstr7_MyProject+2
0x07FA	0x4B43 ;?ICS?lstr7_MyProject+4
0x07FC	0x4E49 ;?ICS?lstr7_MyProject+6
0x07FE	0x0047 ;?ICS?lstr7_MyProject+8
; end of ?ICS?lstr7_MyProject
Symbol List:
//** Routines locations **
//ADDRESS    SIZE    PROCEDURE
//----------------------------------------------
0x001C      [10]    _Delay_1us
0x0026      [18]    _Delay_5500us
0x0038      [12]    _Delay_50us
0x0044     [126]    _Lcd_Cmd
0x00C2      [14]    _UART1_Write
0x00D0      [14]    _Lcd_Chr_CP
0x00DE      [10]    _Delay_10us
0x00E8     [106]    _Keypad_Key_Press
0x0152      [24]    _Keypad_Key_Click
0x016A      [52]    _UART1_Write_Text
0x019E      [94]    _Lcd_Chr
0x01FC      [16]    ___CC2DW
0x020C      [88]    _UART1_Init
0x0264     [126]    _Lcd_Out
0x02E2      [80]    _Mul_16X16_U
0x0332      [26]    _Keypad_Init
0x034C     [152]    _Lcd_Init
0x03E4     [946]    _main
//** Variables locations ** 
//ADDRESS    SIZE    VARIABLE
//----------------------------------------------
0x0000       [1]    SPI1_Write_tmp_L0
0x0000       [1]    __Lib_SoftI2C_PutZerosToLATScl_temp_scl_L0
0x0000       [1]    UART1_Init_tmp_L0
0x0000       [1]    R0
0x0000       [1]    EEPROM_Write_SaveINTCON_L0
0x0000       [1]    FLASH_Erase_64_SaveINTCON_L0
0x0000       [1]    __Lib_SoftI2C_PutZerosToLATSda_temp_sda_L0
0x0001       [2]    FLASH_Read_N_Bytes_i_L0
0x0001       [1]    __Lib_TFT_JPEG_FileRead_i_L0
0x0001       [1]    __Lib_Conversions_Adjust_Hex_tmp_L0
0x0001       [1]    ispunct_rslt_L0
0x0001       [1]    FLASH_Erase_Write_64_i_L0
0x0001       [1]    FLASH_Write_8_i_L0
0x0001       [1]    __Lib_TFT_JPEG_FileReadBytes_Result_L0
0x0001       [1]    UART1_Read___tmp_UART1_Read_L0
0x0001       [1]    __Lib_TFT_16bit_JPEG_FileReadBytes_Result_L0
0x0001       [1]    __Lib_TFT_16bit_JPEG_FileRead_i_L0
0x0001       [1]    R1
0x0001       [1]    __Lib_PS2_Wait_Falling_nsample_L0
0x0002       [2]    memcpy_dd_L0
0x0002       [1]    FLASH_Write_8_SaveINTCON_L0
0x0002       [2]    strlen_cp_L0
0x0002       [1]    FLASH_Erase_Write_64_j_L0
0x0002       [2]    memset_pp_L0
0x0002       [2]    memchr_s_L0
0x0002       [1]    R2
0x0003       [2]    __Lib_MmcFat16_f16_toInt_l_L0
0x0003       [2]    MM_TotalFreeMemSize_Tot_L0
0x0003       [2]    Ltrim_original_L0
0x0003       [1]    FLASH_Erase_Write_64_SaveINTCON_L0
0x0003       [1]    __Lib_Sprinti_?FLOC____Lib_Sprinti_Do_FillT29
0x0003       [2]    memmove_tt_L0
0x0003       [1]    R3
0x0003       [1]    MM_Init_i_L0
0x0004       [2]    frexp_pom_L0
0x0004       [2]    strncat_cp_L0
0x0004       [2]    strncpy_cp_L0
0x0004       [1]    R4
0x0004       [2]    __Lib_MemManager_MM_GetMemAlign_P_L0
0x0004       [2]    strcat_cp_L0
0x0004       [1]    __Lib_Sprinti_?FLOC____Lib_Sprinti_Do_FillT40
0x0004       [2]    strcpy_cp_L0
0x0004       [2]    memcpy_ss_L0
0x0005       [2]    memmove_ff_L0
0x0005       [1]    __Lib_Sprinti_?FLOC____Lib_Sprinti_Do_FillT54
0x0005       [2]    Ltrim_p_L0
0x0005       [1]    R5
0x0005       [2]    LongIntToHex_input_half_L0
0x0005       [2]    LongWordToHex_input_half_L0
0x0005       [1]    MM_TotalFreeMemSize_i_L0
0x0006       [1]    R6
0x0006       [1]    __Lib_Sprinti_?FLOC____Lib_Sprinti_Do_FillT69
0x0006       [1]    __Lib_MemManager_MM_GetMemAlign_i_L0
0x0007       [1]    __Lib_TFT_16bit_JPEG_GenerateHuffmanTables_bLength_L0
0x0007       [1]    R7
0x0007       [1]    __Lib_TFT_JPEG_GenerateHuffmanTables_bLength_L0
0x0008       [1]    __Lib_TFT_16bit_JPEG_GenerateHuffmanTables_bTable_L0
0x0008       [1]    __Lib_TFT_JPEG_GenerateHuffmanTables_bTable_L0
0x0008       [1]    R8
0x0009       [1]    R9
0x0009       [4]    __Lib_MmcFat16_f16_toLong_l_L0
0x000A       [1]    R10
0x000B       [1]    R11
0x000C       [1]    R12
0x000D       [1]    R13
0x000E       [1]    R14
0x000F       [1]    R15
0x0010       [1]    R16
0x0011       [1]    R17
0x0012       [1]    R18
0x0013       [1]    R19
0x0014       [1]    R20
0x0015      [11]    ?lstr2_MyProject
0x0020      [15]    ?lstr3_MyProject
0x002F       [6]    ?lstr1_MyProject
0x0035      [33]    ?lstr4_MyProject
0x0056      [11]    ?lstr6_MyProject
0x0061      [11]    ?lstr5_MyProject
0x006C       [9]    ?lstr8_MyProject
0x0075      [10]    ?lstr7_MyProject
0x007F       [1]    _kp
0x0080       [1]    _limit1
0x0081       [2]    _check
0x0083       [1]    _limit
0x0084       [2]    _pin
0x0086       [1]    _cnt
0x0087       [4]    _UART_Rd_Ptr
0x008B       [4]    _UART_Wr_Ptr
0x008F       [4]    _UART_Tx_Idle_Ptr
0x0093       [4]    _UART_Rdy_Ptr
0x0097       [0]    __Lib_Lcd_cmd_status
0x0098       [1]    Keypad_Key_Click_rslt_L0
0x0098       [1]    FARG_Lcd_Out_row
0x0098       [1]    FARG_Lcd_Chr_row
0x0098       [2]    FARG_UART1_Write_Text_uart_text
0x0099       [1]    FARG_Lcd_Chr_column
0x0099       [1]    FARG_Lcd_Out_column
0x009A       [1]    FARG_Lcd_Chr_out_char
0x009A       [2]    FARG_Lcd_Out_text
0x009A       [1]    UART1_Write_Text_data__L0
0x009B       [1]    UART1_Write_Text_counter_L0
0x009C       [1]    Lcd_Out_i_L0
0x009D       [1]    FARG_Lcd_Chr_CP_out_char
0x009D       [1]    Keypad_Key_Press_rslt_L0
0x009D       [1]    FARG_UART1_Write_data_
0x009E       [1]    Keypad_Key_Press_kdata_L0
0x009F       [1]    Keypad_Key_Press_loc_L0
0x00A0       [1]    Keypad_Key_Press_rowcnt_L0
0x00A1       [1]    Keypad_Key_Press_shifter_L0
0x00A2       [1]    FARG_Lcd_Cmd_out_char
0x0F81       [1]    PORTB
0x0F81       [0]    RB5_bit
0x0F81       [0]    RB2_bit
0x0F81       [0]    RB3_bit
0x0F81       [0]    RB4_bit
0x0F81       [0]    RB1_bit
0x0F81       [0]    LCD_D5
0x0F81       [0]    LCD_D6
0x0F81       [0]    LCD_D7
0x0F81       [0]    LCD_RS
0x0F81       [0]    RB0_bit
0x0F81       [0]    LCD_D4
0x0F81       [0]    LCD_EN
0x0F83       [1]    keypadPort
0x0F83       [1]    PORTD
0x0F93       [0]    TRISB0_bit
0x0F93       [0]    LCD_D7_Direction
0x0F93       [0]    LCD_D6_Direction
0x0F93       [0]    LCD_EN_Direction
0x0F93       [0]    LCD_RS_Direction
0x0F93       [1]    TRISB
0x0F93       [0]    LCD_D5_Direction
0x0F93       [0]    LCD_D4_Direction
0x0F93       [0]    TRISB4_bit
0x0F93       [0]    TRISB3_bit
0x0F93       [0]    TRISB5_bit
0x0F93       [0]    TRISB2_bit
0x0F93       [0]    TRISB1_bit
0x0F94       [0]    TRISC7_bit
0x0F94       [0]    TRISC6_bit
0x0F9E       [1]    PIR1
0x0FAB       [1]    RCSTA
0x0FAC       [1]    TXSTA
0x0FAD       [1]    TXREG
0x0FAE       [1]    RCREG
0x0FAF       [1]    SPBRG
0x0FD8       [1]    STATUS
0x0FD9       [1]    FSR2L
0x0FDA       [1]    FSR2H
0x0FDE       [1]    POSTINC2
0x0FE0       [1]    BSR
0x0FE1       [1]    FSR1L
0x0FE2       [1]    FSR1H
0x0FE4       [1]    PREINC1
0x0FE6       [1]    POSTINC1
0x0FE7       [1]    INDF1
0x0FE8       [1]    WREG
0x0FE9       [1]    FSR0L
0x0FEA       [1]    FSR0H
0x0FEE       [1]    POSTINC0
0x0FF3       [1]    PRODL
0x0FF4       [1]    PRODH
0x0FF5       [1]    TABLAT
0x0FF6       [1]    TBLPTRL
0x0FF7       [1]    TBLPTRH
0x0FF8       [1]    TBLPTRU
//** Constants locations ** 
//ADDRESS    SIZE    CONSTANT
//----------------------------------------------
0x0796      [11]    ?ICS?lstr2_MyProject
0x07A1      [15]    ?ICS?lstr3_MyProject
0x07B0       [6]    ?ICS?lstr1_MyProject
0x07B6      [33]    ?ICS?lstr4_MyProject
0x07D7      [11]    ?ICS?lstr6_MyProject
0x07E2      [11]    ?ICS?lstr5_MyProject
0x07ED       [9]    ?ICS?lstr8_MyProject
0x07F6      [10]    ?ICS?lstr7_MyProject
